2025-12-09 01:26:52,899 - INFO - Функция Translator.__init__ завершена | Время выполнения: 7.4162 сек
2025-12-09 01:26:56,938 - INFO - Функция SimpleWhisper.__init__ завершена | Время выполнения: 4.0391 сек
2025-12-09 01:27:00,784 - INFO - Функция SimpleWhisper.transcribe завершена | Время выполнения: 3.8453 сек
2025-12-09 01:27:03,329 - INFO - Функция Translator.translate завершена | Время выполнения: 2.5447 сек
2025-12-09 01:32:47,027 - INFO - ⌛Функция Translator.__init__ завершена | Время выполнения: 3.4437 сек
2025-12-09 01:32:51,017 - INFO - ⌛Функция SimpleWhisper.__init__ завершена | Время выполнения: 3.9900 сек
2025-12-09 01:32:54,658 - INFO - ⌛Функция SimpleWhisper.transcribe завершена | Время выполнения: 3.6412 сек
2025-12-09 01:32:57,090 - INFO - ⌛Функция Translator.translate завершена | Время выполнения: 2.4312 сек
2025-12-09 01:32:57,090 - INFO - ⌛Функция OCRWithBoxes.__init__ завершена | Время выполнения: 0.0000 сек
2025-12-09 01:34:05,543 - INFO - ⌛Функция Translator.__init__ завершена | Время выполнения: 3.0232 сек
2025-12-09 01:34:08,983 - INFO - ⌛Функция SimpleWhisper.__init__ завершена | Время выполнения: 3.4400 сек
2025-12-09 01:34:12,577 - INFO - ⌛Функция SimpleWhisper.transcribe завершена | Время выполнения: 3.5935 сек
2025-12-09 01:34:14,895 - INFO - ⌛Функция Translator.translate завершена | Время выполнения: 2.3182 сек
2025-12-09 01:34:14,896 - INFO - ⌛Функция OCRWithBoxes.__init__ завершена | Время выполнения: 0.0000 сек
2025-12-09 01:38:00,394 - INFO - ⌛Функция Translator.__init__ завершена | Время выполнения: 2.8239 сек
2025-12-09 01:38:04,104 - INFO - ⌛Функция SimpleWhisper.__init__ завершена | Время выполнения: 3.7102 сек
2025-12-09 01:38:07,854 - INFO - ⌛Функция SimpleWhisper.transcribe завершена | Время выполнения: 3.7491 сек
2025-12-09 01:38:10,296 - INFO - ⌛Функция Translator.translate завершена | Время выполнения: 2.4419 сек
2025-12-09 01:39:55,825 - INFO - ⌛Функция Translator.__init__ завершена | Время выполнения: 3.0998 сек
2025-12-09 01:39:59,756 - INFO - ⌛Функция SimpleWhisper.__init__ завершена | Время выполнения: 3.9308 сек
2025-12-09 01:40:03,593 - INFO - ⌛Функция SimpleWhisper.transcribe завершена | Время выполнения: 3.8371 сек
2025-12-09 01:40:05,980 - INFO - ⌛Функция Translator.translate завершена | Время выполнения: 2.3865 сек
2025-12-09 02:21:24,070 - INFO - ⌛Функция Translator.__init__ завершена | Время выполнения: 6.8872 сек
2025-12-09 02:21:28,398 - INFO - ⌛Функция SimpleWhisper.__init__ завершена | Время выполнения: 4.3274 сек
2025-12-09 02:21:44,277 - INFO - ⌛Функция Translator.__init__ завершена | Время выполнения: 2.7476 сек
2025-12-09 02:21:46,709 - INFO - ⌛Функция SimpleWhisper.__init__ завершена | Время выполнения: 2.4317 сек
2025-12-09 02:21:50,316 - INFO - ⌛Функция TextToSpeech.__init__ завершена | Время выполнения: 3.6073 сек
2025-12-09 02:21:53,943 - INFO - ⌛Функция SimpleWhisper.transcribe завершена | Время выполнения: 3.6263 сек
2025-12-09 02:21:56,045 - INFO - ⌛Функция Translator.translate завершена | Время выполнения: 2.1022 сек
2025-12-09 02:26:10,901 - INFO - ⌛Функция Translator.__init__ завершена | Время выполнения: 2.9926 сек
2025-12-09 02:26:14,859 - INFO - ⌛Функция SimpleWhisper.__init__ завершена | Время выполнения: 3.9578 сек
2025-12-09 02:26:15,228 - INFO - ⌛Функция TextToSpeech.__init__ завершена | Время выполнения: 0.3695 сек
2025-12-09 02:26:18,853 - INFO - ⌛Функция SimpleWhisper.transcribe завершена | Время выполнения: 3.6245 сек
2025-12-09 02:26:21,203 - INFO - ⌛Функция Translator.translate завершена | Время выполнения: 2.3500 сек
2025-12-09 02:26:21,204 - INFO - ⌛Функция TextToSpeech.generate завершена | Время выполнения: 0.0000 сек
2025-12-09 02:28:42,969 - INFO - ⌛Функция Translator.__init__ завершена | Время выполнения: 2.8751 сек
2025-12-09 02:28:46,863 - INFO - ⌛Функция SimpleWhisper.__init__ завершена | Время выполнения: 3.8943 сек
2025-12-09 02:28:47,261 - INFO - ⌛Функция TextToSpeech.__init__ завершена | Время выполнения: 0.3975 сек
2025-12-09 02:28:50,884 - INFO - ⌛Функция SimpleWhisper.transcribe завершена | Время выполнения: 3.6232 сек
2025-12-09 02:28:53,360 - INFO - ⌛Функция Translator.translate завершена | Время выполнения: 2.4753 сек
2025-12-09 02:36:31,144 - INFO - ⌛Функция Translator.__init__ завершена | Время выполнения: 3.1959 сек
2025-12-09 02:36:35,139 - INFO - ⌛Функция SimpleWhisper.__init__ завершена | Время выполнения: 3.9949 сек
2025-12-09 02:36:35,432 - INFO - ⌛Функция TextToSpeech.__init__ завершена | Время выполнения: 0.2927 сек
2025-12-09 02:36:39,070 - INFO - ⌛Функция SimpleWhisper.transcribe завершена | Время выполнения: 3.6380 сек
2025-12-09 02:36:41,349 - INFO - ⌛Функция Translator.translate завершена | Время выполнения: 2.2794 сек
2025-12-09 02:36:41,660 - INFO - ⌛Функция TextToSpeech.generate завершена | Время выполнения: 0.3099 сек
2025-12-09 03:07:52,431 - INFO - ⌛Функция Translator.__init__ завершена | Время выполнения: 3.2093 сек
2025-12-09 03:07:56,245 - INFO - ⌛Функция SimpleWhisper.__init__ завершена | Время выполнения: 3.8136 сек
2025-12-09 03:07:56,533 - INFO - ⌛Функция TextToSpeech.__init__ завершена | Время выполнения: 0.2880 сек
2025-12-09 03:08:00,211 - INFO - ⌛Функция SimpleWhisper.transcribe завершена | Время выполнения: 3.6778 сек
2025-12-09 03:08:02,697 - INFO - ⌛Функция Translator.translate завершена | Время выполнения: 2.4860 сек
2025-12-09 03:08:02,993 - INFO - ⌛Функция TextToSpeech.generate завершена | Время выполнения: 0.2949 сек
2025-12-09 03:10:02,803 - INFO - ⌛Функция Translator.__init__ завершена | Время выполнения: 2.9858 сек
2025-12-09 03:10:05,909 - INFO - ⌛Функция SimpleWhisper.__init__ завершена | Время выполнения: 3.1053 сек
2025-12-09 03:10:06,151 - INFO - ⌛Функция TextToSpeech.__init__ завершена | Время выполнения: 0.2421 сек
2025-12-09 03:10:09,770 - INFO - ⌛Функция SimpleWhisper.transcribe завершена | Время выполнения: 3.6191 сек
2025-12-09 03:10:12,084 - INFO - ⌛Функция Translator.translate завершена | Время выполнения: 2.3135 сек
2025-12-09 03:10:12,359 - INFO - ⌛Функция TextToSpeech.generate завершена | Время выполнения: 0.2745 сек
2025-12-09 03:10:12,482 - INFO - ⌛Функция wav_to_mp3 завершена | Время выполнения: 0.1230 сек
2025-12-09 03:11:23,145 - INFO - ⌛Функция Translator.__init__ завершена | Время выполнения: 2.9781 сек
2025-12-09 03:11:26,237 - INFO - ⌛Функция SimpleWhisper.__init__ завершена | Время выполнения: 3.0914 сек
2025-12-09 03:11:26,479 - INFO - ⌛Функция TextToSpeech.__init__ завершена | Время выполнения: 0.2423 сек
2025-12-09 03:11:30,070 - INFO - ⌛Функция SimpleWhisper.transcribe завершена | Время выполнения: 3.5906 сек
2025-12-09 03:11:32,337 - INFO - ⌛Функция Translator.translate завершена | Время выполнения: 2.2662 сек
2025-12-09 03:11:32,634 - INFO - ⌛Функция TextToSpeech.generate завершена | Время выполнения: 0.2962 сек
2025-12-09 03:11:32,780 - INFO - ⌛Функция wav_to_mp3 завершена | Время выполнения: 0.1459 сек
2025-12-09 03:12:53,548 - INFO - ⌛Функция Translator.__init__ завершена | Время выполнения: 3.0199 сек
2025-12-09 03:12:56,200 - INFO - ⌛Функция SimpleWhisper.__init__ завершена | Время выполнения: 2.6517 сек
2025-12-09 03:12:56,439 - INFO - ⌛Функция TextToSpeech.__init__ завершена | Время выполнения: 0.2389 сек
2025-12-09 03:13:00,061 - INFO - ⌛Функция SimpleWhisper.transcribe завершена | Время выполнения: 3.6218 сек
2025-12-09 03:13:02,633 - INFO - ⌛Функция Translator.translate завершена | Время выполнения: 2.5720 сек
2025-12-09 03:13:02,903 - INFO - ⌛Функция TextToSpeech.generate завершена | Время выполнения: 0.2693 сек
2025-12-09 03:13:03,010 - INFO - ⌛Функция wav_to_mp3 завершена | Время выполнения: 0.1072 сек
2025-12-09 03:18:59,918 - INFO - ⌛Функция Translator.__init__ завершена | Время выполнения: 3.0918 сек
2025-12-09 03:19:03,889 - INFO - ⌛Функция SimpleWhisper.__init__ завершена | Время выполнения: 3.9711 сек
2025-12-09 03:21:17,661 - INFO - ⌛Функция Translator.__init__ завершена | Время выполнения: 2.5039 сек
2025-12-09 03:21:21,489 - INFO - ⌛Функция SimpleWhisper.__init__ завершена | Время выполнения: 3.8281 сек
2025-12-09 03:21:44,697 - INFO - ⌛Функция TextToSpeech.__init__ завершена | Время выполнения: 23.2074 сек
2025-12-09 03:21:48,360 - INFO - ⌛Функция SimpleWhisper.transcribe завершена | Время выполнения: 3.6629 сек
2025-12-09 03:21:50,470 - INFO - ⌛Функция Translator.translate завершена | Время выполнения: 2.1095 сек
2025-12-09 03:21:52,449 - INFO - ⌛Функция TextToSpeech.synthesize завершена | Время выполнения: 1.9785 сек
2025-12-09 03:21:52,709 - INFO - ⌛Функция wav_to_mp3 завершена | Время выполнения: 0.2600 сек
2025-12-09 03:23:34,036 - INFO - Запуск обработки файла: var/data_ocr/test.vi.deo.mp4 с временной директорией: var/tmp
2025-12-09 03:23:37,382 - INFO - ⌛Функция Translator.__init__ завершена | Время выполнения: 3.0586 сек
2025-12-09 03:23:41,258 - INFO - ⌛Функция SimpleWhisper.__init__ завершена | Время выполнения: 3.8760 сек
2025-12-09 03:23:42,589 - INFO - ⌛Функция TextToSpeech.__init__ завершена | Время выполнения: 1.3302 сек
2025-12-09 03:23:46,312 - INFO - ⌛Функция SimpleWhisper.transcribe завершена | Время выполнения: 3.7237 сек
2025-12-09 03:23:48,701 - INFO - ⌛Функция Translator.translate завершена | Время выполнения: 2.3883 сек
2025-12-09 03:23:50,652 - INFO - ⌛Функция TextToSpeech.synthesize завершена | Время выполнения: 1.9507 сек
2025-12-09 03:23:50,913 - INFO - ⌛Функция wav_to_mp3 завершена | Время выполнения: 0.2607 сек
2025-12-09 03:24:06,452 - INFO - 

Запуск обработки файла: var/data_ocr/test.vi.deo.mp4 с временной директорией: var/tmp
2025-12-09 03:24:09,743 - INFO - ⌛Функция Translator.__init__ завершена | Время выполнения: 3.0042 сек
2025-12-09 03:24:12,387 - INFO - ⌛Функция SimpleWhisper.__init__ завершена | Время выполнения: 2.6438 сек
2025-12-09 03:24:13,721 - INFO - ⌛Функция TextToSpeech.__init__ завершена | Время выполнения: 1.3338 сек
2025-12-09 03:24:17,443 - INFO - ⌛Функция SimpleWhisper.transcribe завершена | Время выполнения: 3.7206 сек
2025-12-09 03:24:19,705 - INFO - ⌛Функция Translator.translate завершена | Время выполнения: 2.2615 сек
2025-12-09 03:24:21,645 - INFO - ⌛Функция TextToSpeech.synthesize завершена | Время выполнения: 1.9397 сек
2025-12-09 03:24:21,907 - INFO - ⌛Функция wav_to_mp3 завершена | Время выполнения: 0.2620 сек
2025-12-09 03:35:30,302 - INFO - 

Запуск обработки файла: var/data_ocr/test.vi.deo.mp4 с временной директорией: var/tmp
2025-12-09 03:35:30,400 - INFO - ⌛Функция extract_frames завершена | Время выполнения: 0.0974 сек
2025-12-09 03:35:30,593 - INFO - ⌛Функция extract_audio завершена | Время выполнения: 0.1933 сек
2025-12-09 03:35:53,946 - INFO - ⌛Функция OCR.__init__ завершена | Время выполнения: 23.3523 сек
2025-12-09 03:36:35,987 - INFO - 

Запуск обработки файла: var/data_ocr/test.vi.deo.mp4 с временной директорией: var/tmp
2025-12-09 03:36:36,073 - INFO - ⌛Функция extract_frames завершена | Время выполнения: 0.0855 сек
2025-12-09 03:36:36,244 - INFO - ⌛Функция extract_audio завершена | Время выполнения: 0.1709 сек
2025-12-09 03:36:36,423 - INFO - Using downloaded & verified file: /Users/danilmoiseenko/.cache/doctr/models/fast_base-688a8b34.pt
2025-12-09 03:36:37,648 - INFO - Using downloaded & verified file: /Users/danilmoiseenko/.cache/doctr/models/crnn_vgg16_bn-0417f351.pt
2025-12-09 03:36:37,712 - INFO - ⌛Функция OCR.__init__ завершена | Время выполнения: 1.4682 сек
2025-12-09 03:36:39,980 - INFO - ⌛Функция OCR.batch завершена | Время выполнения: 2.2673 сек
2025-12-09 03:39:43,349 - INFO - 

Запуск обработки файла: var/data_ocr/test.vi.deo.mp4 с временной директорией: var/tmp
2025-12-09 03:39:43,435 - INFO - ⌛Функция extract_frames завершена | Время выполнения: 0.0866 сек
2025-12-09 03:39:43,615 - INFO - ⌛Функция extract_audio завершена | Время выполнения: 0.1792 сек
2025-12-09 03:39:43,803 - INFO - Using downloaded & verified file: /Users/danilmoiseenko/.cache/doctr/models/fast_base-688a8b34.pt
2025-12-09 03:39:45,047 - INFO - Using downloaded & verified file: /Users/danilmoiseenko/.cache/doctr/models/crnn_vgg16_bn-0417f351.pt
2025-12-09 03:39:45,109 - INFO - ⌛Функция OCR.__init__ завершена | Время выполнения: 1.4947 сек
2025-12-09 03:39:46,424 - INFO - ⌛Функция OCR.batch завершена | Время выполнения: 1.3148 сек
2025-12-09 03:39:46,425 - INFO - ⌛Общий процесс обработки видео завершен | Время выполнения: 1.3153 сек
2025-12-09 03:40:38,041 - INFO - 

Запуск обработки файла: var/data_ocr/test.vi.deo.mp4 с временной директорией: var/tmp
2025-12-09 03:40:38,128 - INFO - ⌛Функция extract_frames завершена | Время выполнения: 0.0863 сек
2025-12-09 03:40:38,305 - INFO - ⌛Функция extract_audio завершена | Время выполнения: 0.1766 сек
2025-12-09 03:40:38,483 - INFO - Using downloaded & verified file: /Users/danilmoiseenko/.cache/doctr/models/fast_base-688a8b34.pt
2025-12-09 03:40:39,684 - INFO - Using downloaded & verified file: /Users/danilmoiseenko/.cache/doctr/models/crnn_vgg16_bn-0417f351.pt
2025-12-09 03:40:39,748 - INFO - ⌛Функция OCR.__init__ завершена | Время выполнения: 1.4429 сек
2025-12-09 03:40:40,927 - INFO - ⌛Функция OCR.batch завершена | Время выполнения: 1.1790 сек
2025-12-09 03:45:33,545 - INFO - 

Запуск обработки файла: var/data_ocr/test.vi.deo.mp4 с временной директорией: var/tmp
2025-12-09 03:45:33,631 - INFO - ⌛Функция extract_frames завершена | Время выполнения: 0.0864 сек
2025-12-09 03:45:33,806 - INFO - ⌛Функция extract_audio завершена | Время выполнения: 0.1746 сек
2025-12-09 03:45:33,993 - INFO - Using downloaded & verified file: /Users/danilmoiseenko/.cache/doctr/models/fast_base-688a8b34.pt
2025-12-09 03:45:35,219 - INFO - Using downloaded & verified file: /Users/danilmoiseenko/.cache/doctr/models/crnn_vgg16_bn-0417f351.pt
2025-12-09 03:45:35,286 - INFO - ⌛Функция OCR.__init__ завершена | Время выполнения: 1.4797 сек
2025-12-09 03:45:36,542 - INFO - ⌛Функция OCR.batch завершена | Время выполнения: 1.2561 сек
2025-12-09 03:45:36,543 - INFO - ⌛Общий процесс обработки видео завершен | Время выполнения: 1.2568 сек
2025-12-09 03:47:56,048 - INFO - 

Запуск обработки файла: var/data_ocr/test.vi.deo.mp4 с временной директорией: var/tmp
2025-12-09 03:47:56,136 - INFO - ⌛Функция extract_frames завершена | Время выполнения: 0.0876 сек
2025-12-09 03:47:56,331 - INFO - ⌛Функция extract_audio завершена | Время выполнения: 0.1957 сек
2025-12-09 03:47:56,513 - INFO - Using downloaded & verified file: /Users/danilmoiseenko/.cache/doctr/models/fast_base-688a8b34.pt
2025-12-09 03:47:57,714 - INFO - Using downloaded & verified file: /Users/danilmoiseenko/.cache/doctr/models/crnn_vgg16_bn-0417f351.pt
2025-12-09 03:47:57,777 - INFO - ⌛Функция OCR.__init__ завершена | Время выполнения: 1.4451 сек
2025-12-09 03:47:58,962 - INFO - ⌛Функция OCR.batch завершена | Время выполнения: 1.1847 сек
2025-12-09 03:47:58,962 - INFO - ⌛Функция OCR.save_results_to_json завершена | Время выполнения: 0.0007 сек
2025-12-09 03:47:58,962 - INFO - ⌛Общий процесс обработки видео завершен | Время выполнения: 1.1856 сек
2025-12-09 03:48:15,346 - INFO - 

Запуск обработки файла: var/data_ocr/test.vi.deo.mp4 с временной директорией: var/tmp
2025-12-09 03:48:15,432 - INFO - ⌛Функция extract_frames завершена | Время выполнения: 0.0858 сек
2025-12-09 03:48:15,604 - INFO - ⌛Функция extract_audio завершена | Время выполнения: 0.1725 сек
2025-12-09 03:48:15,786 - INFO - Using downloaded & verified file: /Users/danilmoiseenko/.cache/doctr/models/fast_base-688a8b34.pt
2025-12-09 03:48:16,986 - INFO - Using downloaded & verified file: /Users/danilmoiseenko/.cache/doctr/models/crnn_vgg16_bn-0417f351.pt
2025-12-09 03:48:17,047 - INFO - ⌛Функция OCR.__init__ завершена | Время выполнения: 1.4426 сек
2025-12-09 03:48:18,231 - INFO - ⌛Функция OCR.batch завершена | Время выполнения: 1.1840 сек
2025-12-09 03:48:18,232 - INFO - ⌛Функция OCR.save_results_to_json завершена | Время выполнения: 0.0007 сек
2025-12-09 03:48:18,232 - INFO - ⌛Общий процесс обработки видео завершен | Время выполнения: 1.1849 сек
2025-12-09 03:49:12,567 - INFO - 

Запуск обработки файла: var/data_ocr/test.vi.deo.mp4 с временной директорией: var/tmp
2025-12-09 03:49:12,654 - INFO - ⌛Функция extract_frames завершена | Время выполнения: 0.0859 сек
2025-12-09 03:49:12,828 - INFO - ⌛Функция extract_audio завершена | Время выполнения: 0.1739 сек
2025-12-09 03:49:13,012 - INFO - Using downloaded & verified file: /Users/danilmoiseenko/.cache/doctr/models/fast_base-688a8b34.pt
2025-12-09 03:49:14,251 - INFO - Using downloaded & verified file: /Users/danilmoiseenko/.cache/doctr/models/crnn_vgg16_bn-0417f351.pt
2025-12-09 03:49:14,315 - INFO - ⌛Функция OCR.__init__ завершена | Время выполнения: 1.4868 сек
2025-12-09 03:49:15,501 - INFO - ⌛Функция OCR.batch завершена | Время выполнения: 1.1866 сек
2025-12-09 03:49:15,502 - INFO - ⌛Функция OCR.save_results_to_json завершена | Время выполнения: 0.0006 сек
2025-12-09 03:49:15,502 - INFO - ⌛Общий процесс обработки видео завершен | Время выполнения: 1.1874 сек
2025-12-09 03:53:03,449 - INFO - 

Запуск обработки файла: var/data_ocr/test.vi.deo.mp4 с временной директорией: var/tmp
2025-12-09 03:53:03,536 - INFO - ⌛Функция extract_frames завершена | Время выполнения: 0.0875 сек
2025-12-09 03:53:03,730 - INFO - ⌛Функция extract_audio завершена | Время выполнения: 0.1931 сек
2025-12-09 03:53:03,911 - INFO - Using downloaded & verified file: /Users/danilmoiseenko/.cache/doctr/models/fast_base-688a8b34.pt
2025-12-09 03:53:05,122 - INFO - Using downloaded & verified file: /Users/danilmoiseenko/.cache/doctr/models/crnn_vgg16_bn-0417f351.pt
2025-12-09 03:53:05,183 - INFO - ⌛Функция OCR.__init__ завершена | Время выполнения: 1.4529 сек
2025-12-09 03:53:31,024 - INFO - 

Запуск обработки файла: var/data_ocr/test.vi.deo.mp4 с временной директорией: var/tmp
2025-12-09 03:53:31,111 - INFO - ⌛Функция extract_frames завершена | Время выполнения: 0.0874 сек
2025-12-09 03:53:31,286 - INFO - ⌛Функция extract_audio завершена | Время выполнения: 0.1743 сек
2025-12-09 03:53:31,467 - INFO - Using downloaded & verified file: /Users/danilmoiseenko/.cache/doctr/models/fast_base-688a8b34.pt
2025-12-09 03:53:32,681 - INFO - Using downloaded & verified file: /Users/danilmoiseenko/.cache/doctr/models/crnn_vgg16_bn-0417f351.pt
2025-12-09 03:53:32,743 - INFO - ⌛Функция OCR.__init__ завершена | Время выполнения: 1.4567 сек
2025-12-09 03:55:54,472 - INFO - 

Запуск обработки файла: var/data_ocr/test.vi.deo.mp4 с временной директорией: var/tmp
2025-12-09 03:55:54,559 - INFO - ⌛Функция extract_frames завершена | Время выполнения: 0.0867 сек
2025-12-09 03:55:54,735 - INFO - ⌛Функция extract_audio завершена | Время выполнения: 0.1758 сек
2025-12-09 03:55:54,912 - INFO - Using downloaded & verified file: /Users/danilmoiseenko/.cache/doctr/models/fast_base-688a8b34.pt
2025-12-09 03:55:56,121 - INFO - Using downloaded & verified file: /Users/danilmoiseenko/.cache/doctr/models/crnn_vgg16_bn-0417f351.pt
2025-12-09 03:55:56,207 - INFO - ⌛Функция OCR.__init__ завершена | Время выполнения: 1.4711 сек
2025-12-09 03:55:59,670 - INFO - ⌛Функция Translator.__init__ завершена | Время выполнения: 3.4637 сек
2025-12-09 03:56:00,982 - INFO - ⌛Функция OCR.batch завершена | Время выполнения: 1.3114 сек
2025-12-09 03:56:00,983 - INFO - ⌛Функция OCR.save_results_to_json завершена | Время выполнения: 0.0006 сек
2025-12-09 03:57:08,229 - INFO - 

Запуск обработки файла: var/data_ocr/test.vi.deo.mp4 с временной директорией: var/tmp
2025-12-09 03:57:08,316 - INFO - ⌛Функция extract_frames завершена | Время выполнения: 0.0862 сек
2025-12-09 03:57:08,492 - INFO - ⌛Функция extract_audio завершена | Время выполнения: 0.1761 сек
2025-12-09 03:57:08,683 - INFO - Using downloaded & verified file: /Users/danilmoiseenko/.cache/doctr/models/fast_base-688a8b34.pt
2025-12-09 03:57:09,924 - INFO - Using downloaded & verified file: /Users/danilmoiseenko/.cache/doctr/models/crnn_vgg16_bn-0417f351.pt
2025-12-09 03:57:09,987 - INFO - ⌛Функция OCR.__init__ завершена | Время выполнения: 1.4953 сек
2025-12-09 03:57:12,768 - INFO - ⌛Функция Translator.__init__ завершена | Время выполнения: 2.7803 сек
2025-12-09 03:57:14,055 - INFO - ⌛Функция OCR.batch завершена | Время выполнения: 1.2865 сек
2025-12-09 03:57:14,056 - INFO - ⌛Функция OCR.save_results_to_json завершена | Время выполнения: 0.0006 сек
2025-12-09 03:57:34,263 - INFO - ⌛Функция Translator.translate завершена | Время выполнения: 20.2075 сек
2025-12-09 03:57:34,263 - INFO - ⌛Общий процесс обработки видео завершен | Время выполнения: 21.4950 сек
2025-12-09 04:02:37,069 - INFO - 

Запуск обработки файла: var/data_ocr/test.vi.deo.mp4 с временной директорией: var/tmp
2025-12-09 04:02:37,158 - INFO - ⌛Функция extract_frames завершена | Время выполнения: 0.0883 сек
2025-12-09 04:02:37,351 - INFO - ⌛Функция extract_audio завершена | Время выполнения: 0.1934 сек
2025-12-09 04:02:37,533 - INFO - Using downloaded & verified file: /Users/danilmoiseenko/.cache/doctr/models/fast_base-688a8b34.pt
2025-12-09 04:02:38,743 - INFO - Using downloaded & verified file: /Users/danilmoiseenko/.cache/doctr/models/crnn_vgg16_bn-0417f351.pt
2025-12-09 04:02:38,809 - INFO - ⌛Функция OCR.__init__ завершена | Время выполнения: 1.4577 сек
2025-12-09 04:02:42,084 - INFO - ⌛Функция Translator.__init__ завершена | Время выполнения: 3.2747 сек
2025-12-09 04:02:43,361 - INFO - ⌛Функция OCR.batch завершена | Время выполнения: 1.2766 сек
2025-12-09 04:02:43,361 - INFO - ⌛Функция OCR.save_results_to_json завершена | Время выполнения: 0.0006 сек
2025-12-09 04:03:01,362 - INFO - ⌛Функция Translator.translate завершена | Время выполнения: 18.0010 сек
2025-12-09 04:07:52,688 - INFO - 

Запуск обработки файла: var/data_ocr/test.vi.deo.mp4 с временной директорией: var/tmp
2025-12-09 04:07:52,776 - INFO - ⌛Функция extract_frames завершена | Время выполнения: 0.0874 сек
2025-12-09 04:07:52,951 - INFO - ⌛Функция extract_audio завершена | Время выполнения: 0.1748 сек
2025-12-09 04:07:53,129 - INFO - Using downloaded & verified file: /Users/danilmoiseenko/.cache/doctr/models/fast_base-688a8b34.pt
2025-12-09 04:07:54,340 - INFO - Using downloaded & verified file: /Users/danilmoiseenko/.cache/doctr/models/crnn_vgg16_bn-0417f351.pt
2025-12-09 04:07:54,405 - INFO - ⌛Функция OCR.__init__ завершена | Время выполнения: 1.4538 сек
2025-12-09 04:07:58,761 - INFO - ⌛Функция Translator.__init__ завершена | Время выполнения: 4.3556 сек
2025-12-09 04:08:00,000 - INFO - ⌛Функция OCR.batch завершена | Время выполнения: 1.2389 сек
2025-12-09 04:08:00,001 - INFO - ⌛Функция OCR.save_results_to_json завершена | Время выполнения: 0.0005 сек
2025-12-09 04:08:17,731 - INFO - ⌛Функция Translator.translate завершена | Время выполнения: 17.7300 сек
2025-12-09 04:09:23,674 - INFO - 

Запуск обработки файла: var/data_ocr/test.vi.deo.mp4 с временной директорией: var/tmp
2025-12-09 04:09:23,761 - INFO - ⌛Функция extract_frames завершена | Время выполнения: 0.0864 сек
2025-12-09 04:09:23,953 - INFO - ⌛Функция extract_audio завершена | Время выполнения: 0.1921 сек
2025-12-09 04:09:24,136 - INFO - Using downloaded & verified file: /Users/danilmoiseenko/.cache/doctr/models/fast_base-688a8b34.pt
2025-12-09 04:09:25,344 - INFO - Using downloaded & verified file: /Users/danilmoiseenko/.cache/doctr/models/crnn_vgg16_bn-0417f351.pt
2025-12-09 04:09:25,405 - INFO - ⌛Функция OCR.__init__ завершена | Время выполнения: 1.4517 сек
2025-12-09 04:09:28,240 - INFO - ⌛Функция Translator.__init__ завершена | Время выполнения: 2.8355 сек
2025-12-09 04:09:29,450 - INFO - ⌛Функция OCR.batch завершена | Время выполнения: 1.2091 сек
2025-12-09 04:09:29,450 - INFO - ⌛Функция OCR.save_results_to_json завершена | Время выполнения: 0.0005 сек
2025-12-09 04:09:47,512 - INFO - ⌛Функция Translator.translate завершена | Время выполнения: 18.0614 сек
2025-12-09 04:10:27,591 - INFO - 

Запуск обработки файла: var/data_ocr/test.vi.deo.mp4 с временной директорией: var/tmp
2025-12-09 04:10:27,679 - INFO - ⌛Функция extract_frames завершена | Время выполнения: 0.0874 сек
2025-12-09 04:10:27,852 - INFO - ⌛Функция extract_audio завершена | Время выполнения: 0.1730 сек
2025-12-09 04:10:28,034 - INFO - Using downloaded & verified file: /Users/danilmoiseenko/.cache/doctr/models/fast_base-688a8b34.pt
2025-12-09 04:10:29,252 - INFO - Using downloaded & verified file: /Users/danilmoiseenko/.cache/doctr/models/crnn_vgg16_bn-0417f351.pt
2025-12-09 04:10:29,316 - INFO - ⌛Функция OCR.__init__ завершена | Время выполнения: 1.4638 сек
2025-12-09 04:10:32,000 - INFO - ⌛Функция Translator.__init__ завершена | Время выполнения: 2.6842 сек
2025-12-09 04:10:33,208 - INFO - ⌛Функция OCR.batch завершена | Время выполнения: 1.2069 сек
2025-12-09 04:10:33,208 - INFO - ⌛Функция OCR.save_results_to_json завершена | Время выполнения: 0.0005 сек
2025-12-09 04:10:51,562 - INFO - ⌛Функция Translator.translate завершена | Время выполнения: 18.3537 сек
2025-12-09 04:10:51,822 - INFO - ⌛Функция translate_images завершена | Время выполнения: 0.2596 сек
2025-12-09 04:10:51,822 - INFO - ⌛Общий процесс обработки видео завершен | Время выполнения: 19.8212 сек
2025-12-09 04:25:18,114 - INFO - ⌛Функция Translator.__init__ завершена | Время выполнения: 3.0219 сек
2025-12-09 04:25:22,102 - INFO - ⌛Функция SimpleWhisper.__init__ завершена | Время выполнения: 3.9875 сек
2025-12-09 04:25:23,718 - INFO - ⌛Функция TextToSpeech.__init__ завершена | Время выполнения: 1.6158 сек
2025-12-09 04:25:23,918 - INFO - Using downloaded & verified file: /Users/danilmoiseenko/.cache/doctr/models/fast_base-688a8b34.pt
2025-12-09 04:25:25,162 - INFO - Using downloaded & verified file: /Users/danilmoiseenko/.cache/doctr/models/crnn_vgg16_bn-0417f351.pt
2025-12-09 04:25:25,589 - INFO - ⌛Функция OCR.__init__ завершена | Время выполнения: 1.8706 сек
2025-12-09 04:25:25,589 - INFO - ⌛Инициализация MLService завершена | Время выполнения: 8.6265 сек
2025-12-09 04:25:25,589 - INFO - 

Запуск обработки файла: var/data_ocr/test.vi.deo.mp4 с временной директорией: var/tmp
2025-12-09 04:25:26,054 - INFO - ⌛Функция extract_audio завершена | Время выполнения: 0.4637 сек
2025-12-09 04:25:26,143 - INFO - ⌛Функция extract_frames завершена | Время выполнения: 0.0888 сек
2025-12-09 04:25:26,143 - INFO - ⌛Общий процесс препроцессинга видео завершен | Время выполнения: 0.5537 сек
2025-12-09 04:25:26,143 - INFO - 

Запуск обработки аудио для: var/data_ocr/test.vi.deo.mp4 с временной директорией: var/tmp
2025-12-09 04:25:29,901 - INFO - ⌛Функция SimpleWhisper.transcribe завершена | Время выполнения: 3.7578 сек
2025-12-09 04:25:32,055 - INFO - ⌛Функция Translator.translate завершена | Время выполнения: 2.1538 сек
2025-12-09 04:25:33,992 - INFO - ⌛Функция TextToSpeech.synthesize завершена | Время выполнения: 1.9372 сек
2025-12-09 04:25:34,251 - INFO - ⌛Функция wav_to_mp3 завершена | Время выполнения: 0.2590 сек
2025-12-09 04:25:34,252 - INFO - ⌛Общий процесс обработки аудио завершен | Время выполнения: 8.1084 сек
2025-12-09 04:25:34,252 - INFO - 

Запуск обработки видео для: var/data_ocr/test.vi.deo.mp4 с временной директорией: var/tmp
2025-12-09 04:25:35,450 - INFO - ⌛Функция OCR.batch завершена | Время выполнения: 1.1981 сек
2025-12-09 04:25:35,450 - INFO - ⌛Функция OCR.save_results_to_json завершена | Время выполнения: 0.0006 сек
2025-12-09 04:25:53,586 - INFO - ⌛Функция Translator.translate завершена | Время выполнения: 18.1354 сек
2025-12-09 04:25:53,842 - INFO - ⌛Функция translate_images завершена | Время выполнения: 0.2562 сек
2025-12-09 04:25:53,842 - INFO - ⌛Общий процесс обработки видео завершен | Время выполнения: 19.5905 сек
2025-12-09 04:31:49,713 - INFO - ⌛Функция Translator.__init__ завершена | Время выполнения: 3.4006 сек
2025-12-09 04:31:53,740 - INFO - ⌛Функция SimpleWhisper.__init__ завершена | Время выполнения: 4.0247 сек
2025-12-09 04:31:55,112 - INFO - ⌛Функция TextToSpeech.__init__ завершена | Время выполнения: 1.3712 сек
2025-12-09 04:31:55,320 - INFO - Using downloaded & verified file: /Users/danilmoiseenko/.cache/doctr/models/fast_base-688a8b34.pt
2025-12-09 04:31:56,536 - INFO - Using downloaded & verified file: /Users/danilmoiseenko/.cache/doctr/models/crnn_vgg16_bn-0417f351.pt
2025-12-09 04:31:56,919 - INFO - ⌛Функция OCR.__init__ завершена | Время выполнения: 1.8064 сек
2025-12-09 04:31:56,919 - INFO - ⌛Инициализация MLService завершена | Время выполнения: 8.7996 сек
2025-12-09 04:31:56,919 - INFO - 

Запуск обработки файла: var/data_ocr/test.vi.deo.mp4 с временной директорией: var/tmp
2025-12-09 04:32:40,123 - INFO - ⌛Функция Translator.__init__ завершена | Время выполнения: 2.3956 сек
2025-12-09 04:32:43,402 - INFO - ⌛Функция SimpleWhisper.__init__ завершена | Время выполнения: 3.2784 сек
2025-12-09 04:32:44,838 - INFO - ⌛Функция TextToSpeech.__init__ завершена | Время выполнения: 1.4363 сек
2025-12-09 04:32:45,040 - INFO - Using downloaded & verified file: /Users/danilmoiseenko/.cache/doctr/models/fast_base-688a8b34.pt
2025-12-09 04:32:46,216 - INFO - Using downloaded & verified file: /Users/danilmoiseenko/.cache/doctr/models/crnn_vgg16_bn-0417f351.pt
2025-12-09 04:32:46,633 - INFO - ⌛Функция OCR.__init__ завершена | Время выполнения: 1.7944 сек
2025-12-09 04:32:46,634 - INFO - ⌛Инициализация MLService завершена | Время выполнения: 7.1110 сек
2025-12-09 04:32:46,634 - INFO - 

Запуск обработки файла: var/data_ocr/test.vi.deo.mp4 с временной директорией: var/tmp
2025-12-09 04:33:47,169 - INFO - ⌛Функция Translator.__init__ завершена | Время выполнения: 2.6715 сек
2025-12-09 04:33:50,923 - INFO - ⌛Функция SimpleWhisper.__init__ завершена | Время выполнения: 3.7536 сек
2025-12-09 04:33:52,358 - INFO - ⌛Функция TextToSpeech.__init__ завершена | Время выполнения: 1.4349 сек
2025-12-09 04:33:52,555 - INFO - Using downloaded & verified file: /Users/danilmoiseenko/.cache/doctr/models/fast_base-688a8b34.pt
2025-12-09 04:33:53,786 - INFO - Using downloaded & verified file: /Users/danilmoiseenko/.cache/doctr/models/crnn_vgg16_bn-0417f351.pt
2025-12-09 04:33:54,173 - INFO - ⌛Функция OCR.__init__ завершена | Время выполнения: 1.8149 сек
2025-12-09 04:33:54,173 - INFO - ⌛Инициализация MLService завершена | Время выполнения: 7.8609 сек
2025-12-09 04:33:54,173 - INFO - 

Запуск обработки файла: var/data_ocr/test.vi.deo.mp4 с временной директорией: var/tmp
2025-12-09 04:36:20,390 - INFO - ⌛Функция Translator.__init__ завершена | Время выполнения: 2.8287 сек
2025-12-09 04:36:24,214 - INFO - ⌛Функция SimpleWhisper.__init__ завершена | Время выполнения: 3.8241 сек
2025-12-09 04:36:25,746 - INFO - ⌛Функция TextToSpeech.__init__ завершена | Время выполнения: 1.5321 сек
2025-12-09 04:36:25,946 - INFO - Using downloaded & verified file: /Users/danilmoiseenko/.cache/doctr/models/fast_base-688a8b34.pt
2025-12-09 04:36:27,124 - INFO - Using downloaded & verified file: /Users/danilmoiseenko/.cache/doctr/models/crnn_vgg16_bn-0417f351.pt
2025-12-09 04:36:27,465 - INFO - ⌛Функция OCR.__init__ завершена | Время выполнения: 1.7185 сек
2025-12-09 04:36:27,466 - INFO - ⌛Инициализация MLService завершена | Время выполнения: 8.1855 сек
2025-12-09 04:36:27,466 - INFO - 

Запуск обработки файла: var/data_ocr/test.vi.deo.mp4 с временной директорией: var/tmp
2025-12-09 04:36:27,883 - INFO - ⌛Функция extract_audio завершена | Время выполнения: 0.4177 сек
2025-12-09 04:36:27,986 - INFO - ⌛Функция extract_frames завершена | Время выполнения: 0.1028 сек
2025-12-09 04:36:27,986 - INFO - ⌛Общий процесс препроцессинга видео завершен | Время выполнения: 0.5208 сек
2025-12-09 04:36:27,986 - INFO - 

Запуск обработки аудио для: var/data_ocr/test.vi.deo.mp4 с временной директорией: var/tmp
2025-12-09 04:36:31,677 - INFO - ⌛Функция SimpleWhisper.transcribe завершена | Время выполнения: 3.6901 сек
2025-12-09 04:36:33,745 - INFO - ⌛Функция Translator.translate завершена | Время выполнения: 2.0669 сек
2025-12-09 04:36:35,681 - INFO - ⌛Функция TextToSpeech.synthesize завершена | Время выполнения: 1.9359 сек
2025-12-09 04:36:35,926 - INFO - ⌛Функция wav_to_mp3 завершена | Время выполнения: 0.2448 сек
2025-12-09 04:36:35,926 - INFO - ⌛Общий процесс обработки аудио завершен | Время выполнения: 7.9394 сек
2025-12-09 04:36:35,926 - INFO - 

Запуск обработки видео для: var/data_ocr/test.vi.deo.mp4 с временной директорией: var/tmp
2025-12-09 04:36:37,109 - INFO - ⌛Функция OCR.batch завершена | Время выполнения: 1.1831 сек
2025-12-09 04:36:37,110 - INFO - ⌛Функция OCR.save_results_to_json завершена | Время выполнения: 0.0006 сек
2025-12-09 04:36:55,376 - INFO - ⌛Функция Translator.translate завершена | Время выполнения: 18.2663 сек
2025-12-09 04:36:55,630 - INFO - ⌛Функция translate_images завершена | Время выполнения: 0.2533 сек
2025-12-09 04:36:55,630 - INFO - ⌛Общий процесс обработки видео завершен | Время выполнения: 19.7042 сек
2025-12-09 04:36:55,630 - INFO - ⌛Общий процесс обработки файла завершен | Время выполнения: 27.6438 сек
2025-12-09 04:36:55,630 - INFO - 

Запуск постобработки для: var/data_ocr/test.vi.deo.mp4 с временной директорией: var/tmp
2025-12-09 04:37:59,126 - INFO - ⌛Функция Translator.__init__ завершена | Время выполнения: 3.1751 сек
2025-12-09 04:38:03,026 - INFO - ⌛Функция SimpleWhisper.__init__ завершена | Время выполнения: 3.8994 сек
2025-12-09 04:38:04,470 - INFO - ⌛Функция TextToSpeech.__init__ завершена | Время выполнения: 1.4421 сек
2025-12-09 04:38:04,685 - INFO - Using downloaded & verified file: /Users/danilmoiseenko/.cache/doctr/models/fast_base-688a8b34.pt
2025-12-09 04:38:05,910 - INFO - Using downloaded & verified file: /Users/danilmoiseenko/.cache/doctr/models/crnn_vgg16_bn-0417f351.pt
2025-12-09 04:38:06,320 - INFO - ⌛Функция OCR.__init__ завершена | Время выполнения: 1.8489 сек
2025-12-09 04:38:06,320 - INFO - ⌛Инициализация MLService завершена | Время выполнения: 8.5200 сек
2025-12-09 04:38:06,320 - INFO - 

Запуск обработки файла: var/data_ocr/test.vi.deo.mp4 с временной директорией: var/tmp
2025-12-09 04:38:06,770 - INFO - ⌛Функция extract_audio завершена | Время выполнения: 0.4504 сек
2025-12-09 04:38:06,860 - INFO - ⌛Функция extract_frames завершена | Время выполнения: 0.0895 сек
2025-12-09 04:38:06,860 - INFO - ⌛Общий процесс препроцессинга видео завершен | Время выполнения: 0.5402 сек
2025-12-09 04:38:06,860 - INFO - 

Запуск обработки аудио для: var/data_ocr/test.vi.deo.mp4 с временной директорией: var/tmp
2025-12-09 04:38:10,620 - INFO - ⌛Функция SimpleWhisper.transcribe завершена | Время выполнения: 3.7597 сек
2025-12-09 04:38:12,774 - INFO - ⌛Функция Translator.translate завершена | Время выполнения: 2.1537 сек
2025-12-09 04:38:14,700 - INFO - ⌛Функция TextToSpeech.synthesize завершена | Время выполнения: 1.9259 сек
2025-12-09 04:38:14,957 - INFO - ⌛Функция wav_to_mp3 завершена | Время выполнения: 0.2572 сек
2025-12-09 04:38:14,957 - INFO - ⌛Общий процесс обработки аудио завершен | Время выполнения: 8.0970 сек
2025-12-09 04:38:14,957 - INFO - 

Запуск обработки видео для: var/data_ocr/test.vi.deo.mp4 с временной директорией: var/tmp
2025-12-09 04:38:16,154 - INFO - ⌛Функция OCR.batch завершена | Время выполнения: 1.1967 сек
2025-12-09 04:38:16,155 - INFO - ⌛Функция OCR.save_results_to_json завершена | Время выполнения: 0.0007 сек
2025-12-09 04:38:34,608 - INFO - ⌛Функция Translator.translate завершена | Время выполнения: 18.4528 сек
2025-12-09 04:38:34,867 - INFO - ⌛Функция translate_images завершена | Время выполнения: 0.2594 сек
2025-12-09 04:38:34,867 - INFO - ⌛Общий процесс обработки видео завершен | Время выполнения: 19.9102 сек
2025-12-09 04:38:34,868 - INFO - ⌛Общий процесс обработки файла завершен | Время выполнения: 28.0074 сек
2025-12-09 04:38:34,868 - INFO - 

Запуск постобработки для: var/data_ocr/test.vi.deo.mp4 с временной директорией: var/tmp
2025-12-09 04:39:13,686 - INFO - ⌛Функция Translator.__init__ завершена | Время выполнения: 2.9858 сек
2025-12-09 04:39:16,641 - INFO - ⌛Функция SimpleWhisper.__init__ завершена | Время выполнения: 2.9547 сек
2025-12-09 04:39:18,024 - INFO - ⌛Функция TextToSpeech.__init__ завершена | Время выполнения: 1.3834 сек
2025-12-09 04:39:18,227 - INFO - Using downloaded & verified file: /Users/danilmoiseenko/.cache/doctr/models/fast_base-688a8b34.pt
2025-12-09 04:39:19,425 - INFO - Using downloaded & verified file: /Users/danilmoiseenko/.cache/doctr/models/crnn_vgg16_bn-0417f351.pt
2025-12-09 04:39:19,807 - INFO - ⌛Функция OCR.__init__ завершена | Время выполнения: 1.7828 сек
2025-12-09 04:39:19,808 - INFO - ⌛Инициализация MLService завершена | Время выполнения: 7.3245 сек
2025-12-09 04:39:19,808 - INFO - 

Запуск обработки файла: var/data_ocr/test.vi.deo.mp4 с временной директорией: var/tmp
2025-12-09 04:39:20,148 - INFO - ⌛Функция extract_audio завершена | Время выполнения: 0.3401 сек
2025-12-09 04:39:20,236 - INFO - ⌛Функция extract_frames завершена | Время выполнения: 0.0872 сек
2025-12-09 04:39:20,236 - INFO - ⌛Общий процесс препроцессинга видео завершен | Время выполнения: 0.4276 сек
2025-12-09 04:39:20,236 - INFO - 

Запуск обработки аудио для: var/data_ocr/test.vi.deo.mp4 с временной директорией: var/tmp
2025-12-09 04:39:23,947 - INFO - ⌛Функция SimpleWhisper.transcribe завершена | Время выполнения: 3.7109 сек
2025-12-09 04:39:26,005 - INFO - ⌛Функция Translator.translate завершена | Время выполнения: 2.0571 сек
2025-12-09 04:39:27,951 - INFO - ⌛Функция TextToSpeech.synthesize завершена | Время выполнения: 1.9464 сек
2025-12-09 04:39:28,188 - INFO - ⌛Функция wav_to_mp3 завершена | Время выполнения: 0.2367 сек
2025-12-09 04:39:28,188 - INFO - ⌛Общий процесс обработки аудио завершен | Время выполнения: 7.9524 сек
2025-12-09 04:39:28,188 - INFO - 

Запуск обработки видео для: var/data_ocr/test.vi.deo.mp4 с временной директорией: var/tmp
2025-12-09 04:39:29,356 - INFO - ⌛Функция OCR.batch завершена | Время выполнения: 1.1682 сек
2025-12-09 04:39:29,357 - INFO - ⌛Функция OCR.save_results_to_json завершена | Время выполнения: 0.0005 сек
2025-12-09 04:39:47,497 - INFO - ⌛Функция Translator.translate завершена | Время выполнения: 18.1399 сек
2025-12-09 04:39:47,752 - INFO - ⌛Функция translate_images завершена | Время выполнения: 0.2548 сек
2025-12-09 04:39:47,752 - INFO - ⌛Общий процесс обработки видео завершен | Время выполнения: 19.5638 сек
2025-12-09 04:39:47,752 - INFO - ⌛Общий процесс обработки файла завершен | Время выполнения: 27.5165 сек
2025-12-09 04:39:47,752 - INFO - 

Запуск постобработки для: var/data_ocr/test.vi.deo.mp4 с временной директорией: var/tmp
2025-12-09 04:40:06,251 - INFO - ⌛Функция Translator.__init__ завершена | Время выполнения: 3.0654 сек
2025-12-09 04:40:08,870 - INFO - ⌛Функция SimpleWhisper.__init__ завершена | Время выполнения: 2.6188 сек
2025-12-09 04:40:10,176 - INFO - ⌛Функция TextToSpeech.__init__ завершена | Время выполнения: 1.3051 сек
2025-12-09 04:40:10,381 - INFO - Using downloaded & verified file: /Users/danilmoiseenko/.cache/doctr/models/fast_base-688a8b34.pt
2025-12-09 04:40:11,573 - INFO - Using downloaded & verified file: /Users/danilmoiseenko/.cache/doctr/models/crnn_vgg16_bn-0417f351.pt
2025-12-09 04:40:11,877 - INFO - ⌛Функция OCR.__init__ завершена | Время выполнения: 1.7006 сек
2025-12-09 04:40:11,878 - INFO - ⌛Инициализация MLService завершена | Время выполнения: 6.9909 сек
2025-12-09 04:40:11,878 - INFO - 

Запуск обработки файла: var/data_ocr/test.vi.deo.mp4 с временной директорией: var/tmp
2025-12-09 04:40:12,240 - INFO - ⌛Функция extract_audio завершена | Время выполнения: 0.3617 сек
2025-12-09 04:40:12,349 - INFO - ⌛Функция extract_frames завершена | Время выполнения: 0.1088 сек
2025-12-09 04:40:12,349 - INFO - ⌛Общий процесс препроцессинга видео завершен | Время выполнения: 0.4708 сек
2025-12-09 04:40:12,349 - INFO - 

Запуск обработки аудио для: var/data_ocr/test.vi.deo.mp4 с временной директорией: var/tmp
2025-12-09 04:40:16,256 - INFO - ⌛Функция SimpleWhisper.transcribe завершена | Время выполнения: 3.9073 сек
2025-12-09 04:40:18,468 - INFO - ⌛Функция Translator.translate завершена | Время выполнения: 2.2117 сек
2025-12-09 04:40:20,388 - INFO - ⌛Функция TextToSpeech.synthesize завершена | Время выполнения: 1.9194 сек
2025-12-09 04:40:20,632 - INFO - ⌛Функция wav_to_mp3 завершена | Время выполнения: 0.2445 сек
2025-12-09 04:40:20,633 - INFO - ⌛Общий процесс обработки аудио завершен | Время выполнения: 8.2838 сек
2025-12-09 04:40:20,633 - INFO - 

Запуск обработки видео для: var/data_ocr/test.vi.deo.mp4 с временной директорией: var/tmp
2025-12-09 04:40:21,806 - INFO - ⌛Функция OCR.batch завершена | Время выполнения: 1.1733 сек
2025-12-09 04:40:21,807 - INFO - ⌛Функция OCR.save_results_to_json завершена | Время выполнения: 0.0007 сек
2025-12-09 04:40:39,430 - INFO - ⌛Функция Translator.translate завершена | Время выполнения: 17.6228 сек
2025-12-09 04:40:39,695 - INFO - ⌛Функция translate_images завершена | Время выполнения: 0.2655 сек
2025-12-09 04:40:39,695 - INFO - ⌛Общий процесс обработки видео завершен | Время выполнения: 19.0627 сек
2025-12-09 04:40:39,696 - INFO - ⌛Общий процесс обработки файла завершен | Время выполнения: 27.3467 сек
2025-12-09 04:40:39,696 - INFO - 

Запуск постобработки для: var/data_ocr/test.vi.deo.mp4 с временной директорией: var/tmp
2025-12-09 04:40:40,467 - INFO - Видео с новым аудио создано и сохранено в var/tmp/test.vi.deo/final.mp4
2025-12-09 04:40:40,467 - INFO - ⌛Функция _post_process завершена | Время выполнения: 0.7717 сек
2025-12-09 04:44:18,240 - INFO - ⌛Функция Translator.__init__ завершена | Время выполнения: 12.6659 сек
2025-12-09 04:44:22,317 - INFO - ⌛Функция SimpleWhisper.__init__ завершена | Время выполнения: 4.0762 сек
2025-12-09 04:44:23,691 - INFO - ⌛Функция TextToSpeech.__init__ завершена | Время выполнения: 1.3728 сек
2025-12-09 04:44:23,894 - INFO - Using downloaded & verified file: /Users/danilmoiseenko/.cache/doctr/models/fast_base-688a8b34.pt
2025-12-09 04:44:25,070 - INFO - Using downloaded & verified file: /Users/danilmoiseenko/.cache/doctr/models/crnn_vgg16_bn-0417f351.pt
2025-12-09 04:44:25,443 - INFO - ⌛Функция OCR.__init__ завершена | Время выполнения: 1.7511 сек
2025-12-09 04:44:25,443 - INFO - ⌛Инициализация MLService завершена | Время выполнения: 18.1176 сек
2025-12-09 04:44:25,443 - INFO - 

Запуск обработки файла: var/data_ocr/test.vi.deo.mp4 с временной директорией: var/tmp
2025-12-09 04:44:25,893 - INFO - ⌛Функция extract_audio завершена | Время выполнения: 0.4504 сек
2025-12-09 04:44:25,898 - INFO - ⌛Функция extract_frames завершена | Время выполнения: 0.0047 сек
2025-12-09 04:44:25,898 - INFO - ⌛Общий процесс препроцессинга видео завершен | Время выполнения: 0.4554 сек
2025-12-09 04:44:25,898 - INFO - 

Запуск обработки аудио для: var/data_ocr/test.vi.deo.mp4 с временной директорией: var/tmp
2025-12-09 04:44:29,637 - INFO - ⌛Функция SimpleWhisper.transcribe завершена | Время выполнения: 3.7390 сек
2025-12-09 04:44:31,812 - INFO - ⌛Функция Translator.translate завершена | Время выполнения: 2.1740 сек
2025-12-09 04:44:33,828 - INFO - ⌛Функция TextToSpeech.synthesize завершена | Время выполнения: 2.0163 сек
2025-12-09 04:44:34,091 - INFO - ⌛Функция wav_to_mp3 завершена | Время выполнения: 0.2623 сек
2025-12-09 04:44:34,091 - INFO - ⌛Общий процесс обработки аудио завершен | Время выполнения: 8.1924 сек
2025-12-09 04:44:34,091 - INFO - 

Запуск обработки видео для: var/data_ocr/test.vi.deo.mp4 с временной директорией: var/tmp
2025-12-09 04:45:44,658 - INFO - ⌛Функция Translator.__init__ завершена | Время выполнения: 3.1408 сек
2025-12-09 04:45:48,113 - INFO - ⌛Функция SimpleWhisper.__init__ завершена | Время выполнения: 3.4546 сек
2025-12-09 04:45:49,423 - INFO - ⌛Функция TextToSpeech.__init__ завершена | Время выполнения: 1.3096 сек
2025-12-09 04:45:49,628 - INFO - Using downloaded & verified file: /Users/danilmoiseenko/.cache/doctr/models/fast_base-688a8b34.pt
2025-12-09 04:45:50,854 - INFO - Using downloaded & verified file: /Users/danilmoiseenko/.cache/doctr/models/crnn_vgg16_bn-0417f351.pt
2025-12-09 04:45:51,258 - INFO - ⌛Функция OCR.__init__ завершена | Время выполнения: 1.8353 сек
2025-12-09 04:45:51,259 - INFO - ⌛Инициализация MLService завершена | Время выполнения: 7.9057 сек
2025-12-09 04:45:51,259 - INFO - 

Запуск обработки файла: var/data_ocr/test.vi.deo.mp4 с временной директорией: var/tmp
2025-12-09 04:45:51,647 - INFO - ⌛Функция extract_audio завершена | Время выполнения: 0.3875 сек
2025-12-09 04:45:51,925 - INFO - ⌛Функция extract_frames завершена | Время выполнения: 0.2779 сек
2025-12-09 04:45:51,925 - INFO - ⌛Общий процесс препроцессинга видео завершен | Время выполнения: 0.6658 сек
2025-12-09 04:45:51,925 - INFO - 

Запуск обработки аудио для: var/data_ocr/test.vi.deo.mp4 с временной директорией: var/tmp
2025-12-09 04:45:55,639 - INFO - ⌛Функция SimpleWhisper.transcribe завершена | Время выполнения: 3.7140 сек
2025-12-09 04:45:57,753 - INFO - ⌛Функция Translator.translate завершена | Время выполнения: 2.1141 сек
2025-12-09 04:45:59,739 - INFO - ⌛Функция TextToSpeech.synthesize завершена | Время выполнения: 1.9853 сек
2025-12-09 04:45:59,988 - INFO - ⌛Функция wav_to_mp3 завершена | Время выполнения: 0.2472 сек
2025-12-09 04:45:59,988 - INFO - ⌛Общий процесс обработки аудио завершен | Время выполнения: 8.0634 сек
2025-12-09 04:45:59,988 - INFO - 

Запуск обработки видео для: var/data_ocr/test.vi.deo.mp4 с временной директорией: var/tmp
2025-12-09 04:46:34,111 - INFO - ⌛Функция OCR.batch завершена | Время выполнения: 34.1216 сек
2025-12-09 04:46:34,138 - INFO - ⌛Функция OCR.save_results_to_json завершена | Время выполнения: 0.0261 сек
2025-12-09 04:51:58,051 - INFO - ⌛Функция Translator.__init__ завершена | Время выполнения: 3.6364 сек
2025-12-09 04:52:00,629 - INFO - ⌛Функция SimpleWhisper.__init__ завершена | Время выполнения: 2.5779 сек
2025-12-09 04:52:02,602 - INFO - ⌛Функция TextToSpeech.__init__ завершена | Время выполнения: 1.9728 сек
2025-12-09 04:52:02,803 - INFO - Using downloaded & verified file: /Users/danilmoiseenko/.cache/doctr/models/fast_base-688a8b34.pt
2025-12-09 04:52:04,001 - INFO - Using downloaded & verified file: /Users/danilmoiseenko/.cache/doctr/models/crnn_vgg16_bn-0417f351.pt
2025-12-09 04:52:04,080 - INFO - ⌛Функция OCR.__init__ завершена | Время выполнения: 1.4776 сек
2025-12-09 04:52:04,080 - INFO - ⌛Инициализация MLService завершена | Время выполнения: 8.1880 сек
2025-12-09 04:52:04,080 - INFO - 

Запуск обработки файла: var/data_ocr/test.vi.deo.mp4 с временной директорией: var/tmp
2025-12-09 04:52:04,523 - INFO - ⌛Функция extract_audio завершена | Время выполнения: 0.4428 сек
2025-12-09 04:52:04,792 - INFO - ⌛Функция extract_frames завершена | Время выполнения: 0.2686 сек
2025-12-09 04:52:04,792 - INFO - ⌛Общий процесс препроцессинга видео завершен | Время выполнения: 0.7118 сек
2025-12-09 04:52:04,792 - INFO - 

Запуск обработки аудио для: var/data_ocr/test.vi.deo.mp4 с временной директорией: var/tmp
2025-12-09 04:52:08,502 - INFO - ⌛Функция SimpleWhisper.transcribe завершена | Время выполнения: 3.7100 сек
2025-12-09 04:52:10,504 - INFO - ⌛Функция Translator.translate завершена | Время выполнения: 2.0013 сек
2025-12-09 04:52:12,357 - INFO - ⌛Функция TextToSpeech.synthesize завершена | Время выполнения: 1.8526 сек
2025-12-09 04:52:12,619 - INFO - ⌛Функция wav_to_mp3 завершена | Время выполнения: 0.2626 сек
2025-12-09 04:52:12,619 - INFO - ⌛Общий процесс обработки аудио завершен | Время выполнения: 7.8274 сек
2025-12-09 04:52:12,620 - INFO - 

Запуск обработки видео для: var/data_ocr/test.vi.deo.mp4 с временной директорией: var/tmp
2025-12-09 04:52:45,137 - INFO - ⌛Функция OCR.batch завершена | Время выполнения: 32.5165 сек
2025-12-09 04:52:45,228 - INFO - ⌛Функция OCR.save_results_to_json завершена | Время выполнения: 0.0911 сек
2025-12-09 04:56:19,425 - INFO - ⌛Функция Translator.batch_translate завершена | Время выполнения: 214.1952 сек
2025-12-09 04:56:19,481 - INFO - ⌛Функция Translator.translate завершена | Время выполнения: 0.0453 сек
2025-12-09 04:56:27,763 - INFO - ⌛Функция translate_images завершена | Время выполнения: 8.2826 сек
2025-12-09 04:56:27,764 - INFO - ⌛Общий процесс обработки видео завершен | Время выполнения: 255.1435 сек
2025-12-09 04:56:27,805 - INFO - ⌛Общий процесс обработки файла завершен | Время выполнения: 263.0122 сек
2025-12-09 04:56:27,805 - INFO - 

Запуск постобработки для: var/data_ocr/test.vi.deo.mp4 с временной директорией: var/tmp
2025-12-09 04:56:29,475 - INFO - Видео с новым аудио создано и сохранено в var/tmp/test.vi.deo/final.mp4
2025-12-09 04:56:29,475 - INFO - ⌛Функция _post_process завершена | Время выполнения: 1.6703 сек
2025-12-09 04:57:27,032 - INFO - ⌛Функция Translator.__init__ завершена | Время выполнения: 3.1127 сек
2025-12-09 04:57:29,582 - INFO - ⌛Функция SimpleWhisper.__init__ завершена | Время выполнения: 2.5496 сек
2025-12-09 04:57:30,925 - INFO - ⌛Функция TextToSpeech.__init__ завершена | Время выполнения: 1.3429 сек
2025-12-09 04:57:31,152 - INFO - Using downloaded & verified file: /Users/danilmoiseenko/.cache/doctr/models/fast_base-688a8b34.pt
2025-12-09 04:57:32,398 - INFO - Using downloaded & verified file: /Users/danilmoiseenko/.cache/doctr/models/crnn_vgg16_bn-0417f351.pt
2025-12-09 04:57:32,491 - INFO - ⌛Функция OCR.__init__ завершена | Время выполнения: 1.5661 сек
2025-12-09 04:57:32,491 - INFO - ⌛Инициализация MLService завершена | Время выполнения: 7.0059 сек
2025-12-09 12:13:20,094 - INFO - ⌛Функция Translator.__init__ завершена | Время выполнения: 3.1992 сек
2025-12-09 12:14:02,819 - INFO - ⌛Функция Translator.__init__ завершена | Время выполнения: 2.5648 сек
2025-12-09 12:14:05,678 - INFO - ⌛Функция SimpleWhisper.__init__ завершена | Время выполнения: 2.8582 сек
2025-12-09 12:14:07,189 - INFO - ⌛Функция TextToSpeech.__init__ завершена | Время выполнения: 1.5114 сек
2025-12-09 12:14:07,402 - INFO - Using downloaded & verified file: /Users/danilmoiseenko/.cache/doctr/models/fast_base-688a8b34.pt
2025-12-09 12:14:08,602 - INFO - Using downloaded & verified file: /Users/danilmoiseenko/.cache/doctr/models/crnn_vgg16_bn-0417f351.pt
2025-12-09 12:14:08,681 - INFO - ⌛Функция OCR.__init__ завершена | Время выполнения: 1.4914 сек
2025-12-09 12:14:08,682 - INFO - ⌛Инициализация MLService завершена | Время выполнения: 6.9351 сек
2025-12-09 12:14:28,184 - INFO - ⌛Функция Translator.__init__ завершена | Время выполнения: 2.4998 сек
2025-12-09 12:14:30,616 - INFO - ⌛Функция SimpleWhisper.__init__ завершена | Время выполнения: 2.4316 сек
2025-12-09 12:14:31,987 - INFO - ⌛Функция TextToSpeech.__init__ завершена | Время выполнения: 1.3712 сек
2025-12-09 12:14:32,192 - INFO - Using downloaded & verified file: /Users/danilmoiseenko/.cache/doctr/models/fast_base-688a8b34.pt
2025-12-09 12:14:33,405 - INFO - Using downloaded & verified file: /Users/danilmoiseenko/.cache/doctr/models/crnn_vgg16_bn-0417f351.pt
2025-12-09 12:14:33,478 - INFO - ⌛Функция OCR.__init__ завершена | Время выполнения: 1.4906 сек
2025-12-09 12:14:33,478 - INFO - ⌛Инициализация MLService завершена | Время выполнения: 6.3032 сек
2025-12-09 12:14:33,478 - INFO - 

Запуск обработки файла: None с временной директорией: None
2025-12-09 12:15:51,096 - INFO - ⌛Функция Translator.__init__ завершена | Время выполнения: 2.7499 сек
2025-12-09 12:15:53,515 - INFO - ⌛Функция SimpleWhisper.__init__ завершена | Время выполнения: 2.4184 сек
2025-12-09 12:15:54,888 - INFO - ⌛Функция TextToSpeech.__init__ завершена | Время выполнения: 1.3727 сек
2025-12-09 12:15:55,101 - INFO - Using downloaded & verified file: /Users/danilmoiseenko/.cache/doctr/models/fast_base-688a8b34.pt
2025-12-09 12:15:56,310 - INFO - Using downloaded & verified file: /Users/danilmoiseenko/.cache/doctr/models/crnn_vgg16_bn-0417f351.pt
2025-12-09 12:15:56,378 - INFO - ⌛Функция OCR.__init__ завершена | Время выполнения: 1.4898 сек
2025-12-09 12:15:56,378 - INFO - ⌛Инициализация MLService завершена | Время выполнения: 6.5416 сек
2025-12-09 12:15:56,378 - INFO - 

Запуск обработки файла: None с временной директорией: None
2025-12-09 12:17:53,769 - INFO - ⌛Функция Translator.__init__ завершена | Время выполнения: 2.6978 сек
2025-12-09 12:17:56,155 - INFO - ⌛Функция SimpleWhisper.__init__ завершена | Время выполнения: 2.3861 сек
2025-12-09 12:17:57,476 - INFO - ⌛Функция TextToSpeech.__init__ завершена | Время выполнения: 1.3207 сек
2025-12-09 12:17:57,679 - INFO - Using downloaded & verified file: /Users/danilmoiseenko/.cache/doctr/models/fast_base-688a8b34.pt
2025-12-09 12:17:58,866 - INFO - Using downloaded & verified file: /Users/danilmoiseenko/.cache/doctr/models/crnn_vgg16_bn-0417f351.pt
2025-12-09 12:17:58,928 - INFO - ⌛Функция OCR.__init__ завершена | Время выполнения: 1.4524 сек
2025-12-09 12:17:58,928 - INFO - ⌛Инициализация MLService завершена | Время выполнения: 6.4052 сек
2025-12-09 12:17:58,928 - INFO - 

Запуск обработки файла: var/data_ocr/test.vi.deo.mp4 с временной директорией: var/tmp
2025-12-09 12:17:59,347 - INFO - ⌛Функция extract_audio завершена | Время выполнения: 0.4188 сек
2025-12-09 12:17:59,631 - INFO - ⌛Функция extract_frames завершена | Время выполнения: 0.2834 сек
2025-12-09 12:17:59,631 - INFO - ⌛Общий процесс препроцессинга видео завершен | Время выполнения: 0.7026 сек
2025-12-09 12:17:59,631 - INFO - 

Запуск обработки аудио для: var/data_ocr/test.vi.deo.mp4 с временной директорией: var/tmp
2025-12-09 12:18:03,279 - INFO - ⌛Функция SimpleWhisper.transcribe завершена | Время выполнения: 3.6476 сек
2025-12-09 12:18:04,504 - INFO - ⌛Функция Translator.translate завершена | Время выполнения: 1.2249 сек
2025-12-09 12:18:05,575 - INFO - ⌛Функция TextToSpeech.synthesize завершена | Время выполнения: 1.0713 сек
2025-12-09 12:18:05,817 - INFO - ⌛Функция wav_to_mp3 завершена | Время выполнения: 0.2418 сек
2025-12-09 12:18:05,817 - INFO - ⌛Общий процесс обработки аудио завершен | Время выполнения: 6.1863 сек
2025-12-09 12:18:05,817 - INFO - 

Запуск обработки видео для: var/data_ocr/test.vi.deo.mp4 с временной директорией: var/tmp
2025-12-09 12:18:38,010 - INFO - ⌛Функция OCR.batch завершена | Время выполнения: 32.1922 сек
2025-12-09 12:18:38,022 - INFO - ⌛Функция OCR.save_results_to_json завершена | Время выполнения: 0.0117 сек
2025-12-09 12:22:40,849 - INFO - ⌛Функция Translator.__init__ завершена | Время выполнения: 2.9947 сек
2025-12-09 12:22:43,352 - INFO - ⌛Функция SimpleWhisper.__init__ завершена | Время выполнения: 2.5027 сек
2025-12-09 12:22:44,763 - INFO - ⌛Функция TextToSpeech.__init__ завершена | Время выполнения: 1.4108 сек
2025-12-09 12:22:44,968 - INFO - Using downloaded & verified file: /Users/danilmoiseenko/.cache/doctr/models/fast_base-688a8b34.pt
2025-12-09 12:22:46,141 - INFO - Using downloaded & verified file: /Users/danilmoiseenko/.cache/doctr/models/crnn_vgg16_bn-0417f351.pt
2025-12-09 12:22:46,202 - INFO - ⌛Функция OCR.__init__ завершена | Время выполнения: 1.4385 сек
2025-12-09 12:22:46,202 - INFO - ⌛Инициализация MLService завершена | Время выполнения: 6.9089 сек
2025-12-09 12:22:46,202 - INFO - 

Запуск обработки файла: var/data_ocr/test.vi.deo.mp4 с временной директорией: var/tmp
2025-12-09 12:22:46,596 - INFO - ⌛Функция extract_audio завершена | Время выполнения: 0.3936 сек
2025-12-09 12:22:46,864 - INFO - ⌛Функция extract_frames завершена | Время выполнения: 0.2679 сек
2025-12-09 12:22:46,864 - INFO - ⌛Общий процесс препроцессинга видео завершен | Время выполнения: 0.6617 сек
2025-12-09 12:22:46,864 - INFO - 

Запуск обработки аудио для: var/data_ocr/test.vi.deo.mp4 с временной директорией: var/tmp
2025-12-09 12:22:50,425 - INFO - ⌛Функция SimpleWhisper.transcribe завершена | Время выполнения: 3.5612 сек
2025-12-09 12:22:51,498 - INFO - ⌛Функция Translator.translate завершена | Время выполнения: 1.0721 сек
2025-12-09 12:22:52,528 - INFO - ⌛Функция TextToSpeech.synthesize завершена | Время выполнения: 1.0300 сек
2025-12-09 12:22:52,761 - INFO - ⌛Функция wav_to_mp3 завершена | Время выполнения: 0.2332 сек
2025-12-09 12:22:52,761 - INFO - ⌛Общий процесс обработки аудио завершен | Время выполнения: 5.8970 сек
2025-12-09 12:22:52,761 - INFO - 

Запуск обработки видео для: var/data_ocr/test.vi.deo.mp4 с временной директорией: var/tmp
2025-12-09 12:23:24,805 - INFO - ⌛Функция OCR.batch завершена | Время выполнения: 32.0431 сек
2025-12-09 12:23:24,817 - INFO - ⌛Функция OCR.save_results_to_json завершена | Время выполнения: 0.0116 сек
2025-12-09 12:31:16,235 - INFO - ⌛Функция Translator.__init__ завершена | Время выполнения: 3.3516 сек
2025-12-09 12:31:18,727 - INFO - ⌛Функция SimpleWhisper.__init__ завершена | Время выполнения: 2.4919 сек
2025-12-09 12:31:20,188 - INFO - ⌛Функция TextToSpeech.__init__ завершена | Время выполнения: 1.4614 сек
2025-12-09 12:31:20,392 - INFO - Using downloaded & verified file: /Users/danilmoiseenko/.cache/doctr/models/fast_base-688a8b34.pt
2025-12-09 12:31:21,572 - INFO - Using downloaded & verified file: /Users/danilmoiseenko/.cache/doctr/models/crnn_vgg16_bn-0417f351.pt
2025-12-09 12:31:21,637 - INFO - ⌛Функция OCR.__init__ завершена | Время выполнения: 1.4483 сек
2025-12-09 12:31:21,637 - INFO - ⌛Инициализация MLService завершена | Время выполнения: 7.3056 сек
2025-12-09 12:31:21,637 - INFO - 

Запуск обработки файла: var/data_ocr/test.vi.deo.mp4 с временной директорией: var/tmp
2025-12-09 12:31:22,060 - INFO - ⌛Функция extract_audio завершена | Время выполнения: 0.4224 сек
2025-12-09 12:31:22,319 - INFO - ⌛Функция extract_frames завершена | Время выполнения: 0.2588 сек
2025-12-09 12:31:22,319 - INFO - ⌛Общий процесс препроцессинга видео завершен | Время выполнения: 0.6814 сек
2025-12-09 12:31:22,319 - INFO - 

Запуск обработки аудио для: var/data_ocr/test.vi.deo.mp4 с временной директорией: var/tmp
2025-12-09 12:31:25,959 - INFO - ⌛Функция SimpleWhisper.transcribe завершена | Время выполнения: 3.6405 сек
2025-12-09 12:31:26,842 - INFO - ⌛Функция Translator.translate завершена | Время выполнения: 0.8824 сек
2025-12-09 12:31:27,881 - INFO - ⌛Функция TextToSpeech.synthesize завершена | Время выполнения: 1.0395 сек
2025-12-09 12:31:28,124 - INFO - ⌛Функция wav_to_mp3 завершена | Время выполнения: 0.2421 сек
2025-12-09 12:31:28,124 - INFO - ⌛Общий процесс обработки аудио завершен | Время выполнения: 5.8052 сек
2025-12-09 12:31:28,124 - INFO - 

Запуск обработки видео: var/data_ocr/test.vi.deo.mp4
2025-12-09 12:32:00,899 - INFO - ⌛ OCR.batch выполнен за 32.7748 сек
2025-12-09 12:32:00,996 - INFO - ⌛ OCR.save_results_to_json выполнен за 0.0970 сек
2025-12-09 12:32:17,767 - INFO - ⌛ Translator.batch_translate выполнен за 16.7688 сек
2025-12-09 12:34:23,012 - INFO - ⌛Функция Translator.__init__ завершена | Время выполнения: 2.9391 сек
2025-12-09 12:34:25,516 - INFO - ⌛Функция SimpleWhisper.__init__ завершена | Время выполнения: 2.5036 сек
2025-12-09 12:34:26,935 - INFO - ⌛Функция TextToSpeech.__init__ завершена | Время выполнения: 1.4183 сек
2025-12-09 12:34:27,148 - INFO - Using downloaded & verified file: /Users/danilmoiseenko/.cache/doctr/models/fast_base-688a8b34.pt
2025-12-09 12:34:28,358 - INFO - Using downloaded & verified file: /Users/danilmoiseenko/.cache/doctr/models/crnn_vgg16_bn-0417f351.pt
2025-12-09 12:34:28,423 - INFO - ⌛Функция OCR.__init__ завершена | Время выполнения: 1.4884 сек
2025-12-09 12:34:28,423 - INFO - ⌛Инициализация MLService завершена | Время выполнения: 6.8616 сек
2025-12-09 12:34:28,423 - INFO - 

Запуск обработки файла: var/data_ocr/test.vi.deo.mp4 с временной директорией: var/tmp
2025-12-09 12:34:28,860 - INFO - ⌛Функция extract_audio завершена | Время выполнения: 0.4360 сек
2025-12-09 12:34:29,124 - INFO - ⌛Функция extract_frames завершена | Время выполнения: 0.2647 сек
2025-12-09 12:34:29,124 - INFO - ⌛Общий процесс препроцессинга видео завершен | Время выполнения: 0.7010 сек
2025-12-09 12:34:29,124 - INFO - 

Запуск обработки аудио для: var/data_ocr/test.vi.deo.mp4 с временной директорией: var/tmp
2025-12-09 12:34:32,786 - INFO - ⌛Функция SimpleWhisper.transcribe завершена | Время выполнения: 3.6611 сек
2025-12-09 12:34:33,768 - INFO - ⌛Функция Translator.translate завершена | Время выполнения: 0.9824 сек
2025-12-09 12:34:34,842 - INFO - ⌛Функция TextToSpeech.synthesize завершена | Время выполнения: 1.0735 сек
2025-12-09 12:34:35,091 - INFO - ⌛Функция wav_to_mp3 завершена | Время выполнения: 0.2484 сек
2025-12-09 12:34:35,091 - INFO - ⌛Общий процесс обработки аудио завершен | Время выполнения: 5.9662 сек
2025-12-09 12:34:35,091 - INFO - 

Запуск обработки видео: var/data_ocr/test.vi.deo.mp4
2025-12-09 12:35:07,924 - INFO - ⌛ OCR.batch выполнен за 32.8327 сек
2025-12-09 12:35:07,935 - INFO - ⌛ OCR.save_results_to_json выполнен за 0.0114 сек
2025-12-09 12:35:24,624 - INFO - ⌛ Translator.batch_translate выполнен за 16.6869 сек
2025-12-09 14:25:07,402 - INFO - ⌛Функция Translator.__init__ завершена | Время выполнения: 4.1243 сек
2025-12-09 14:25:11,651 - INFO - ⌛Функция SimpleWhisper.__init__ завершена | Время выполнения: 4.2481 сек
2025-12-09 14:25:13,619 - INFO - ⌛Функция TextToSpeech.__init__ завершена | Время выполнения: 1.9681 сек
2025-12-09 14:25:13,833 - INFO - Using downloaded & verified file: /Users/danilmoiseenko/.cache/doctr/models/fast_base-688a8b34.pt
2025-12-09 14:25:15,036 - INFO - Using downloaded & verified file: /Users/danilmoiseenko/.cache/doctr/models/crnn_vgg16_bn-0417f351.pt
2025-12-09 14:25:15,204 - INFO - ⌛Функция OCR.__init__ завершена | Время выполнения: 1.5850 сек
2025-12-09 14:25:15,205 - INFO - ⌛Инициализация MLService завершена | Время выполнения: 10.3417 сек
2025-12-09 14:25:15,205 - INFO - 

Запуск обработки видео: var/data_ocr/test.vi.deo.mp4
2025-12-09 14:25:48,513 - INFO - ⌛ OCR.batch выполнен за 33.3075 сек
2025-12-09 14:25:48,526 - INFO - ⌛ OCR.save_results_to_json выполнен за 0.0118 сек
2025-12-09 14:26:05,703 - INFO - ⌛ Translator.batch_translate выполнен за 17.1758 сек
2025-12-09 14:27:39,691 - INFO - ⌛Функция Translator.__init__ завершена | Время выполнения: 4.9283 сек
2025-12-09 14:27:42,212 - INFO - ⌛Функция SimpleWhisper.__init__ завершена | Время выполнения: 2.5215 сек
2025-12-09 14:27:44,094 - INFO - ⌛Функция TextToSpeech.__init__ завершена | Время выполнения: 1.8818 сек
2025-12-09 14:27:44,299 - INFO - Using downloaded & verified file: /Users/danilmoiseenko/.cache/doctr/models/fast_base-688a8b34.pt
2025-12-09 14:27:45,503 - INFO - Using downloaded & verified file: /Users/danilmoiseenko/.cache/doctr/models/crnn_vgg16_bn-0417f351.pt
2025-12-09 14:27:45,568 - INFO - ⌛Функция OCR.__init__ завершена | Время выполнения: 1.4734 сек
2025-12-09 14:27:45,568 - INFO - ⌛Инициализация MLService завершена | Время выполнения: 9.3321 сек
2025-12-09 14:27:45,568 - INFO - 

Запуск обработки видео: var/data_ocr/test.vi.deo.mp4
2025-12-09 14:28:11,096 - INFO - ⌛Функция Translator.__init__ завершена | Время выполнения: 3.3750 сек
2025-12-09 14:28:13,489 - INFO - ⌛Функция SimpleWhisper.__init__ завершена | Время выполнения: 2.3925 сек
2025-12-09 14:28:15,482 - INFO - ⌛Функция TextToSpeech.__init__ завершена | Время выполнения: 1.9929 сек
2025-12-09 14:28:15,690 - INFO - Using downloaded & verified file: /Users/danilmoiseenko/.cache/doctr/models/fast_base-688a8b34.pt
2025-12-09 14:28:16,899 - INFO - Using downloaded & verified file: /Users/danilmoiseenko/.cache/doctr/models/crnn_vgg16_bn-0417f351.pt
2025-12-09 14:28:16,963 - INFO - ⌛Функция OCR.__init__ завершена | Время выполнения: 1.4808 сек
2025-12-09 14:28:16,963 - INFO - ⌛Инициализация MLService завершена | Время выполнения: 7.7610 сек
2025-12-09 14:28:16,963 - INFO - 

Запуск обработки файла: var/data_ocr/test.vi.deo.mp4 с временной директорией: var/tmp
2025-12-09 14:28:17,395 - INFO - ⌛Функция extract_audio завершена | Время выполнения: 0.4314 сек
2025-12-09 14:28:17,707 - INFO - ⌛Функция extract_frames завершена | Время выполнения: 0.3125 сек
2025-12-09 14:28:17,708 - INFO - ⌛Общий процесс препроцессинга видео завершен | Время выполнения: 0.7442 сек
2025-12-09 14:28:17,708 - INFO - 

Запуск обработки аудио для: var/data_ocr/test.vi.deo.mp4 с временной директорией: var/tmp
2025-12-09 14:28:21,480 - INFO - ⌛Функция SimpleWhisper.transcribe завершена | Время выполнения: 3.7726 сек
2025-12-09 14:28:22,444 - INFO - ⌛Функция Translator.translate завершена | Время выполнения: 0.9637 сек
2025-12-09 14:28:23,515 - INFO - ⌛Функция TextToSpeech.synthesize завершена | Время выполнения: 1.0709 сек
2025-12-09 14:28:23,762 - INFO - ⌛Функция wav_to_mp3 завершена | Время выполнения: 0.2464 сек
2025-12-09 14:28:23,762 - INFO - ⌛Общий процесс обработки аудио завершен | Время выполнения: 6.0543 сек
2025-12-09 14:28:23,762 - INFO - 

Запуск обработки видео: var/data_ocr/test.vi.deo.mp4
2025-12-09 14:28:56,634 - INFO - ⌛ OCR.batch выполнен за 32.8724 сек
2025-12-09 14:28:56,646 - INFO - ⌛ OCR.save_results_to_json выполнен за 0.0117 сек
2025-12-09 14:29:13,571 - INFO - ⌛ Translator.batch_translate выполнен за 16.9237 сек
2025-12-09 14:32:36,252 - INFO - ⌛Функция Translator.__init__ завершена | Время выполнения: 3.9409 сек
2025-12-09 14:32:38,748 - INFO - ⌛Функция SimpleWhisper.__init__ завершена | Время выполнения: 2.4960 сек
2025-12-09 14:32:40,751 - INFO - ⌛Функция TextToSpeech.__init__ завершена | Время выполнения: 2.0028 сек
2025-12-09 14:32:40,956 - INFO - Using downloaded & verified file: /Users/danilmoiseenko/.cache/doctr/models/fast_base-688a8b34.pt
2025-12-09 14:32:42,177 - INFO - Using downloaded & verified file: /Users/danilmoiseenko/.cache/doctr/models/crnn_vgg16_bn-0417f351.pt
2025-12-09 14:32:42,244 - INFO - ⌛Функция OCR.__init__ завершена | Время выполнения: 1.4923 сек
2025-12-09 14:32:42,244 - INFO - ⌛Инициализация MLService завершена | Время выполнения: 8.4406 сек
2025-12-09 14:32:42,244 - INFO - 

Запуск обработки видео: var/data_ocr/test.vi.deo.mp4
2025-12-09 14:33:15,450 - INFO - ⌛ OCR.batch выполнен за 33.2052 сек
2025-12-09 14:33:15,464 - INFO - ⌛ OCR.save_results_to_json выполнен за 0.0124 сек
2025-12-09 14:33:32,173 - INFO - ⌛ Translator.batch_translate выполнен за 16.7082 сек
2025-12-09 14:36:00,319 - INFO - ⌛Функция Translator.__init__ завершена | Время выполнения: 3.9863 сек
2025-12-09 14:36:02,893 - INFO - ⌛Функция SimpleWhisper.__init__ завершена | Время выполнения: 2.5737 сек
2025-12-09 14:36:05,130 - INFO - ⌛Функция TextToSpeech.__init__ завершена | Время выполнения: 2.2375 сек
2025-12-09 14:36:05,337 - INFO - Using downloaded & verified file: /Users/danilmoiseenko/.cache/doctr/models/fast_base-688a8b34.pt
2025-12-09 14:36:06,537 - INFO - Using downloaded & verified file: /Users/danilmoiseenko/.cache/doctr/models/crnn_vgg16_bn-0417f351.pt
2025-12-09 14:36:06,601 - INFO - ⌛Функция OCR.__init__ завершена | Время выполнения: 1.4706 сек
2025-12-09 14:36:06,601 - INFO - ⌛Инициализация MLService завершена | Время выполнения: 8.7982 сек
2025-12-09 14:36:06,601 - INFO - 

Запуск обработки видео: var/data_ocr/test.vi.deo.mp4
2025-12-09 14:36:39,484 - INFO - ⌛ OCR.batch выполнен за 32.8838 сек
2025-12-09 14:36:39,497 - INFO - ⌛ OCR.save_results_to_json выполнен за 0.0117 сек
2025-12-09 14:36:56,177 - INFO - ⌛ Translator.batch_translate выполнен за 16.6790 сек
2025-12-09 14:38:21,007 - INFO - ⌛Функция Translator.__init__ завершена | Время выполнения: 3.9649 сек
2025-12-09 14:38:23,545 - INFO - ⌛Функция SimpleWhisper.__init__ завершена | Время выполнения: 2.5380 сек
2025-12-09 14:38:25,618 - INFO - ⌛Функция TextToSpeech.__init__ завершена | Время выполнения: 2.0724 сек
2025-12-09 14:38:25,823 - INFO - Using downloaded & verified file: /Users/danilmoiseenko/.cache/doctr/models/fast_base-688a8b34.pt
2025-12-09 14:38:27,022 - INFO - Using downloaded & verified file: /Users/danilmoiseenko/.cache/doctr/models/crnn_vgg16_bn-0417f351.pt
2025-12-09 14:38:27,085 - INFO - ⌛Функция OCR.__init__ завершена | Время выполнения: 1.4673 сек
2025-12-09 14:38:27,085 - INFO - ⌛Инициализация MLService завершена | Время выполнения: 8.5759 сек
2025-12-09 14:38:27,085 - INFO - 

Запуск обработки видео: var/data_ocr/test.vi.deo.mp4
2025-12-09 14:38:59,968 - INFO - ⌛ OCR.batch выполнен за 32.8836 сек
2025-12-09 14:38:59,981 - INFO - ⌛ OCR.save_results_to_json выполнен за 0.0119 сек
2025-12-09 14:39:16,867 - INFO - ⌛ Translator.batch_translate выполнен за 16.8843 сек
2025-12-09 14:39:25,153 - INFO - ⌛ Общий процесс завершён за 58.0697 сек
2025-12-09 14:39:59,813 - INFO - ⌛Функция Translator.__init__ завершена | Время выполнения: 3.8654 сек
2025-12-09 14:40:02,385 - INFO - ⌛Функция SimpleWhisper.__init__ завершена | Время выполнения: 2.5723 сек
2025-12-09 14:40:04,235 - INFO - ⌛Функция TextToSpeech.__init__ завершена | Время выполнения: 1.8500 сек
2025-12-09 14:40:04,436 - INFO - Using downloaded & verified file: /Users/danilmoiseenko/.cache/doctr/models/fast_base-688a8b34.pt
2025-12-09 14:40:05,670 - INFO - Using downloaded & verified file: /Users/danilmoiseenko/.cache/doctr/models/crnn_vgg16_bn-0417f351.pt
2025-12-09 14:40:05,745 - INFO - ⌛Функция OCR.__init__ завершена | Время выполнения: 1.5093 сек
2025-12-09 14:40:05,745 - INFO - ⌛Инициализация MLService завершена | Время выполнения: 8.2882 сек
2025-12-09 14:40:05,745 - INFO - 

Запуск обработки файла: var/data_ocr/test.vi.deo.mp4 с временной директорией: var/tmp
2025-12-09 14:40:06,189 - INFO - ⌛Функция extract_audio завершена | Время выполнения: 0.4439 сек
2025-12-09 14:40:06,481 - INFO - ⌛Функция extract_frames завершена | Время выполнения: 0.2914 сек
2025-12-09 14:40:06,481 - INFO - ⌛Общий процесс препроцессинга видео завершен | Время выполнения: 0.7357 сек
2025-12-09 14:40:06,481 - INFO - 

Запуск обработки аудио для: var/data_ocr/test.vi.deo.mp4 с временной директорией: var/tmp
2025-12-09 14:40:10,193 - INFO - ⌛Функция SimpleWhisper.transcribe завершена | Время выполнения: 3.7126 сек
2025-12-09 14:40:11,070 - INFO - ⌛Функция Translator.translate завершена | Время выполнения: 0.8771 сек
2025-12-09 14:40:12,190 - INFO - ⌛Функция TextToSpeech.synthesize завершена | Время выполнения: 1.1198 сек
2025-12-09 14:40:12,452 - INFO - ⌛Функция wav_to_mp3 завершена | Время выполнения: 0.2617 сек
2025-12-09 14:40:12,452 - INFO - ⌛Общий процесс обработки аудио завершен | Время выполнения: 5.9718 сек
2025-12-09 14:40:12,452 - INFO - 

Запуск обработки видео: var/data_ocr/test.vi.deo.mp4
2025-12-09 14:40:45,480 - INFO - ⌛ OCR.batch выполнен за 33.0278 сек
2025-12-09 14:40:45,492 - INFO - ⌛ OCR.save_results_to_json выполнен за 0.0123 сек
2025-12-09 14:41:02,264 - INFO - ⌛ Translator.batch_translate выполнен за 16.7700 сек
2025-12-09 14:41:10,458 - INFO - ⌛ Общий процесс завершён за 58.0071 сек
2025-12-09 14:41:10,471 - INFO - ⌛Общий процесс обработки файла завершен | Время выполнения: 63.9919 сек
2025-12-09 14:41:10,471 - INFO - 

Запуск постобработки для: var/data_ocr/test.vi.deo.mp4 с временной директорией: var/tmp
2025-12-09 14:41:11,511 - INFO - Видео с новым аудио создано и сохранено в var/tmp/test.vi.deo/final.mp4
2025-12-09 14:41:11,512 - INFO - ⌛Функция _post_process завершена | Время выполнения: 1.0407 сек
2025-12-09 19:26:38,450 - INFO - ⌛Функция Translator.__init__ завершена | Время выполнения: 4.0271 сек
2025-12-09 19:26:40,962 - INFO - ⌛Функция SimpleWhisper.__init__ завершена | Время выполнения: 2.5117 сек
2025-12-09 19:26:42,294 - INFO - ⌛Функция TextToSpeech.__init__ завершена | Время выполнения: 1.3322 сек
2025-12-09 19:26:42,507 - INFO - Using downloaded & verified file: /Users/danilmoiseenko/.cache/doctr/models/fast_base-688a8b34.pt
2025-12-09 19:26:43,715 - INFO - Using downloaded & verified file: /Users/danilmoiseenko/.cache/doctr/models/crnn_vgg16_bn-0417f351.pt
2025-12-09 19:26:43,780 - INFO - ⌛Функция OCR.__init__ завершена | Время выполнения: 1.4856 сек
2025-12-09 19:26:43,781 - INFO - ⌛Инициализация MLService завершена | Время выполнения: 7.8719 сек
2025-12-09 19:26:43,781 - INFO - 

Запуск обработки файла: var/data_ocr/test.vi.deo.mp4 с временной директорией: var/tmp
2025-12-09 19:26:44,192 - INFO - ⌛Функция extract_audio завершена | Время выполнения: 0.4107 сек
2025-12-09 19:26:44,493 - INFO - ⌛Функция extract_frames завершена | Время выполнения: 0.3003 сек
2025-12-09 19:26:44,493 - INFO - 

Запуск обработки аудио для: var/data_ocr/test.vi.deo.mp4 с временной директорией: var/tmp
2025-12-09 19:26:48,195 - INFO - ⌛Функция SimpleWhisper.transcribe завершена | Время выполнения: 3.7022 сек
2025-12-09 19:26:49,268 - INFO - ⌛Функция Translator.translate завершена | Время выполнения: 1.0729 сек
2025-12-09 19:26:50,654 - INFO - ⌛Функция TextToSpeech.synthesize завершена | Время выполнения: 1.3857 сек
2025-12-09 19:26:50,890 - INFO - ⌛Функция wav_to_mp3 завершена | Время выполнения: 0.2353 сек
2025-12-09 19:26:50,890 - INFO - ⌛Общий процесс обработки аудио завершен | Время выполнения: 6.3968 сек
2025-12-09 19:26:50,890 - INFO - 

Запуск обработки видео: var/data_ocr/test.vi.deo.mp4
2025-12-09 19:27:23,449 - INFO - ⌛ OCR.batch выполнен за 32.5582 сек
2025-12-09 19:27:23,461 - INFO - ⌛ OCR.save_results_to_json выполнен за 0.0117 сек
2025-12-09 19:27:40,055 - INFO - ⌛ Translator.batch_translate выполнен за 16.5926 сек
2025-12-09 19:27:48,270 - INFO - ⌛ Общий процесс завершён за 57.3796 сек
2025-12-09 19:27:48,286 - INFO - ⌛Общий процесс обработки файла завершен | Время выполнения: 63.7927 сек
2025-12-09 19:27:48,287 - INFO - 

Запуск постобработки для: var/data_ocr/test.vi.deo.mp4 с временной директорией: var/tmp
2025-12-09 19:27:49,366 - INFO - Видео с новым аудио создано и сохранено в var/tmp/test.vi.deo/final.mp4
2025-12-09 19:27:49,367 - INFO - ⌛Функция _post_process завершена | Время выполнения: 1.0802 сек
2025-12-13 11:49:40,084 - INFO - ⌛Функция Translator.__init__ завершена | Время выполнения: 2.9466 сек
2025-12-13 11:49:43,688 - INFO - ⌛Функция SimpleWhisper.__init__ завершена | Время выполнения: 3.6036 сек
2025-12-13 11:49:45,202 - INFO - ⌛Функция TextToSpeech.__init__ завершена | Время выполнения: 1.5140 сек
2025-12-13 11:49:45,408 - INFO - Using downloaded & verified file: /Users/danilmoiseenko/.cache/doctr/models/fast_base-688a8b34.pt
2025-12-13 11:49:46,596 - INFO - Using downloaded & verified file: /Users/danilmoiseenko/.cache/doctr/models/crnn_vgg16_bn-0417f351.pt
2025-12-13 11:49:46,837 - INFO - ⌛Функция OCR.__init__ завершена | Время выполнения: 1.6345 сек
2025-12-13 11:49:46,837 - INFO - ⌛Инициализация MLService завершена | Время выполнения: 8.0653 сек
2025-12-13 11:49:46,837 - INFO - 

Запуск обработки файла: var/data_ocr/test.vi.deo.mp4 с временной директорией: var/tmp
2025-12-13 11:49:47,227 - INFO - ⌛Функция extract_audio завершена | Время выполнения: 0.3900 сек
2025-12-13 11:49:47,493 - INFO - ⌛Функция extract_frames завершена | Время выполнения: 0.2651 сек
2025-12-13 11:49:47,493 - INFO - 

Запуск обработки аудио для: var/data_ocr/test.vi.deo.mp4 с временной директорией: var/tmp
2025-12-13 11:49:51,284 - INFO - ⌛SimpleWhisper.transcribe | Время выполнения: 3.7914 сек
2025-12-13 11:49:52,224 - INFO - ⌛Translator.translate | Время выполнения: 0.9397 сек
2025-12-13 11:49:53,350 - INFO - ⌛TextToSpeech.synthesize | Время выполнения: 1.1263 сек
2025-12-13 11:49:53,626 - INFO - ⌛wav_to_mp3 | Время выполнения: 0.2752 сек
2025-12-13 11:49:53,626 - INFO - ⌛Общий процесс обработки аудио завершен | Время выполнения: 6.1332 сек
2025-12-13 11:49:53,626 - INFO - 

Запуск обработки видео: var/data_ocr/test.vi.deo.mp4
2025-12-13 11:50:26,974 - INFO - ⌛ OCR.batch выполнен за 33.3470 сек
2025-12-13 11:50:26,987 - INFO - ⌛ OCR.save_results_to_json выполнен за 0.0117 сек
2025-12-13 11:50:39,147 - INFO - ⌛ Translator.batch_translate выполнен за 12.1583 сек
2025-12-13 11:50:47,458 - INFO - ⌛ Общий процесс завершён за 53.8320 сек
2025-12-13 11:50:47,471 - INFO - ⌛Общий процесс обработки файла завершен | Время выполнения: 59.9786 сек
2025-12-13 11:50:47,471 - INFO - 

Запуск постобработки для: var/data_ocr/test.vi.deo.mp4 с временной директорией: var/tmp
2025-12-13 11:50:48,857 - INFO - Видео с новым аудио создано и сохранено в var/tmp/test.vi.deo/final.mp4
2025-12-13 11:50:48,857 - INFO - ⌛Функция _post_process завершена | Время выполнения: 1.3855 сек
2025-12-13 16:08:49,730 - INFO - ⌛UniversalTranslator.__init__ | Время выполнения: 4.8695 сек
2025-12-13 16:08:52,166 - INFO - ⌛SimpleWhisper.__init__ | Время выполнения: 2.4350 сек
2025-12-13 16:08:54,560 - INFO - ⌛TextToSpeech.__init__ | Время выполнения: 2.3940 сек
2025-12-13 16:08:54,768 - INFO - Using downloaded & verified file: /Users/danilmoiseenko/.cache/doctr/models/fast_base-688a8b34.pt
2025-12-13 16:08:55,909 - INFO - Using downloaded & verified file: /Users/danilmoiseenko/.cache/doctr/models/crnn_vgg16_bn-0417f351.pt
2025-12-13 16:08:55,980 - INFO - ⌛OCR.__init__ | Время выполнения: 1.4196 сек
2025-12-13 16:08:55,980 - INFO - 

Запуск обработки файла: var/data_ocr/test.vi.deo.mp4 с временной директорией: var/tmp
2025-12-13 16:08:56,427 - INFO - ⌛Функция extract_audio завершена | Время выполнения: 0.4465 сек
2025-12-13 16:08:56,687 - INFO - ⌛Функция extract_frames завершена | Время выполнения: 0.2599 сек
2025-12-13 16:08:56,687 - INFO - Запуск обработки аудио для: var/data_ocr/test.vi.deo.mp4 с временной директорией: var/tmp
2025-12-13 16:09:00,444 - INFO - ⌛SimpleWhisper.transcribe | Время выполнения: 3.7572 сек
2025-12-13 16:09:01,358 - INFO - ⌛Translator.translate | Время выполнения: 0.9132 сек
2025-12-13 16:09:02,685 - INFO - ⌛TextToSpeech.synthesize | Время выполнения: 1.3269 сек
2025-12-13 16:09:02,942 - INFO - ⌛wav_to_mp3 | Время выполнения: 0.2568 сек
2025-12-13 16:09:02,942 - INFO - ⌛Общий процесс обработки аудио завершен | Время выполнения: 6.2550 сек
2025-12-13 16:09:02,942 - INFO - 

Запуск обработки видео: var/data_ocr/test.vi.deo.mp4
2025-12-13 16:09:36,413 - INFO - ⌛ OCR.batch выполнен за 33.4709 сек
2025-12-13 16:09:36,426 - INFO - ⌛ OCR.save_results_to_json выполнен за 0.0118 сек
2025-12-13 16:09:48,665 - INFO - ⌛ Translator.batch_translate выполнен за 12.2375 сек
2025-12-13 16:09:56,788 - INFO - ⌛ Общий процесс завершён за 53.8455 сек
2025-12-13 16:09:56,804 - INFO - ⌛Общий процесс обработки файла завершен | Время выполнения: 60.1170 сек
2025-12-13 16:09:56,804 - INFO - 

Запуск постобработки для: var/data_ocr/test.vi.deo.mp4 с временной директорией: var/tmp
2025-12-13 16:09:57,964 - INFO - Видео с новым аудио создано и сохранено в var/tmp/test.vi.deo/final.mp4
2025-12-13 16:09:57,964 - INFO - ⌛Функция _post_process завершена | Время выполнения: 1.1599 сек
2025-12-13 16:21:15,629 - INFO - ⌛UniversalTranslator.__init__ | Время выполнения: 4.5235 сек
2025-12-13 16:21:18,102 - INFO - ⌛SimpleWhisper.__init__ | Время выполнения: 2.4721 сек
2025-12-13 16:21:22,047 - INFO - ⌛TextToSpeech.__init__ | Время выполнения: 3.9456 сек
2025-12-13 16:21:22,255 - INFO - Using downloaded & verified file: /Users/danilmoiseenko/.cache/doctr/models/fast_base-688a8b34.pt
2025-12-13 16:21:23,423 - INFO - Using downloaded & verified file: /Users/danilmoiseenko/.cache/doctr/models/crnn_vgg16_bn-0417f351.pt
2025-12-13 16:21:23,490 - INFO - ⌛OCR.__init__ | Время выполнения: 1.4423 сек
2025-12-13 16:21:23,490 - INFO - ⌛INIT models | Время выполнения: 12.3844 сек
2025-12-13 16:21:23,490 - INFO - 🌟Запуск обработки файла: var/data_ocr/test.vi.deo.mp4 с временной директорией: var/tmp
2025-12-13 16:21:24,143 - INFO - ⌛Предобработка | Время выполнения: 0.6523 сек
2025-12-13 16:21:27,849 - INFO - ⌛SimpleWhisper.transcribe | Время выполнения: 3.7066 сек
2025-12-13 16:21:28,720 - INFO - ⌛Translator.translate | Время выполнения: 0.8701 сек
2025-12-13 16:21:29,750 - INFO - ⌛TextToSpeech.synthesize | Время выполнения: 1.0307 сек
2025-12-13 16:21:30,002 - INFO - ⌛wav_to_mp3 | Время выполнения: 0.2518 сек
2025-12-13 16:21:30,003 - INFO - 

Запуск обработки видео: var/data_ocr/test.vi.deo.mp4
2025-12-13 16:22:02,645 - INFO - ⌛ OCR.batch выполнен за 32.6416 сек
2025-12-13 16:22:02,656 - INFO - ⌛ OCR.save_results_to_json выполнен за 0.0116 сек
2025-12-13 16:22:14,839 - INFO - ⌛ Translator.batch_translate выполнен за 12.1807 сек
2025-12-13 16:22:23,164 - INFO - ⌛ Общий процесс завершён за 53.1609 сек
2025-12-13 16:22:23,175 - INFO - ⌛Обработка | Время выполнения: 59.0324 сек
2025-12-13 16:22:23,175 - INFO - 

Запуск постобработки для: var/data_ocr/test.vi.deo.mp4 с временной директорией: var/tmp
2025-12-13 16:22:24,306 - INFO - Видео с новым аудио создано и сохранено в var/tmp/test.vi.deo/final.mp4
2025-12-13 16:22:24,306 - INFO - ⌛Постобработка | Время выполнения: 1.1310 сек
2025-12-13 16:22:24,306 - INFO - ✅Обработка файла 'var/data_ocr/test.vi.deo.mp4' завершена. Общее время 60.8162
2025-12-13 16:22:24,343 - INFO - ❌Директория 'var/tmp/test.vi.deo' успешно удалена.
2025-12-13 16:33:35,332 - INFO - ⌛UniversalTranslator.__init__ | Время выполнения: 6.7859 сек
2025-12-13 16:33:37,831 - INFO - ⌛SimpleWhisper.__init__ | Время выполнения: 2.4985 сек
2025-12-13 16:33:40,229 - INFO - ⌛TextToSpeech.__init__ | Время выполнения: 2.3981 сек
2025-12-13 16:33:40,460 - INFO - Using downloaded & verified file: /Users/danilmoiseenko/.cache/doctr/models/fast_base-688a8b34.pt
2025-12-13 16:33:41,655 - INFO - Using downloaded & verified file: /Users/danilmoiseenko/.cache/doctr/models/crnn_vgg16_bn-0417f351.pt
2025-12-13 16:33:41,729 - INFO - ⌛OCR.__init__ | Время выполнения: 1.5003 сек
2025-12-13 16:33:41,729 - INFO - ⌛INIT models | Время выполнения: 13.1835 сек
2025-12-13 16:33:41,730 - INFO - 🌟Запуск обработки файла: var/data_ocr/test.vi.deo.mp4 с временной директорией: var/tmp
2025-12-13 16:33:42,426 - INFO - ⌛Предобработка | Время выполнения: 0.6966 сек
2025-12-13 16:33:46,206 - INFO - ⌛SimpleWhisper.transcribe | Время выполнения: 3.7792 сек
2025-12-13 16:33:47,016 - INFO - ⌛Translator.translate | Время выполнения: 0.8104 сек
2025-12-13 16:33:47,908 - INFO - ⌛TextToSpeech.synthesize | Время выполнения: 0.8916 сек
2025-12-13 16:33:48,156 - INFO - ⌛wav_to_mp3 | Время выполнения: 0.2482 сек
2025-12-13 16:34:21,070 - INFO - ⌛OCR | Время выполнения: 32.9137 сек
2025-12-13 16:38:24,042 - INFO - ⌛UniversalTranslator.__init__ | Время выполнения: 4.7173 сек
2025-12-13 16:38:27,312 - INFO - ⌛SimpleWhisper.__init__ | Время выполнения: 3.2702 сек
2025-12-13 16:38:29,618 - INFO - ⌛TextToSpeech.__init__ | Время выполнения: 2.3051 сек
2025-12-13 16:38:29,829 - INFO - Using downloaded & verified file: /Users/danilmoiseenko/.cache/doctr/models/fast_base-688a8b34.pt
2025-12-13 16:38:31,031 - INFO - Using downloaded & verified file: /Users/danilmoiseenko/.cache/doctr/models/crnn_vgg16_bn-0417f351.pt
2025-12-13 16:38:31,146 - INFO - ⌛OCR.__init__ | Время выполнения: 1.5280 сек
2025-12-13 16:38:31,146 - INFO - ⌛INIT models | Время выполнения: 11.8213 сек
2025-12-13 16:38:31,146 - INFO - 🌟Запуск обработки файла: var/data_ocr/test.vi.deo.mp4 с временной директорией: var/tmp
2025-12-13 16:38:31,822 - INFO - ⌛Предобработка | Время выполнения: 0.6762 сек
2025-12-13 16:38:35,649 - INFO - ⌛SimpleWhisper.transcribe | Время выполнения: 3.8267 сек
2025-12-13 16:38:36,507 - INFO - ⌛Translator.translate | Время выполнения: 0.8578 сек
2025-12-13 16:38:37,618 - INFO - ⌛TextToSpeech.synthesize | Время выполнения: 1.1107 сек
2025-12-13 16:38:37,856 - INFO - ⌛wav_to_mp3 | Время выполнения: 0.2374 сек
2025-12-13 16:39:10,773 - INFO - ⌛OCR | Время выполнения: 32.9169 сек
2025-12-13 16:39:22,904 - INFO - ⌛ Translator.batch_translate выполнен за 12.1178 сек
2025-12-13 16:39:22,905 - INFO - ⌛Translate | Время выполнения: 12.1314 сек
2025-12-13 16:39:31,247 - INFO - ⌛Re translate | Время выполнения: 8.3421 сек
2025-12-13 16:39:31,247 - INFO - ⌛Обработка | Время выполнения: 59.4245 сек
2025-12-13 16:39:32,644 - INFO - ⌛Постобработка | Время выполнения: 1.3969 сек
2025-12-13 16:39:32,644 - INFO - ✅Обработка файла 'var/data_ocr/test.vi.deo.mp4' завершена. Общее время 61.4980
2025-12-13 16:39:32,691 - INFO - ✅Директория 'var/tmp/test.vi.deo' успешно удалена.
2025-12-13 16:40:38,181 - INFO - ⌛UniversalTranslator.__init__ | Время выполнения: 4.4648 сек
2025-12-13 16:40:40,635 - INFO - ⌛SimpleWhisper.__init__ | Время выполнения: 2.4535 сек
2025-12-13 16:40:42,933 - INFO - ⌛TextToSpeech.__init__ | Время выполнения: 2.2986 сек
2025-12-13 16:40:43,142 - INFO - Using downloaded & verified file: /Users/danilmoiseenko/.cache/doctr/models/fast_base-688a8b34.pt
2025-12-13 16:40:44,353 - INFO - Using downloaded & verified file: /Users/danilmoiseenko/.cache/doctr/models/crnn_vgg16_bn-0417f351.pt
2025-12-13 16:40:44,417 - INFO - ⌛OCR.__init__ | Время выполнения: 1.4830 сек
2025-12-13 16:40:44,417 - INFO - ⌛INIT models | Время выполнения: 10.7007 сек
2025-12-13 16:40:44,417 - INFO - 🌟Запуск обработки файла: var/data_ocr/test.vi.deo.mp4 с временной директорией: var/tmp
2025-12-13 16:40:45,082 - INFO - ⌛Предобработка | Время выполнения: 0.6650 сек
2025-12-13 16:40:48,815 - INFO - ⌛SimpleWhisper.transcribe | Время выполнения: 3.7323 сек
2025-12-13 16:40:49,591 - INFO - ⌛Translator.translate | Время выполнения: 0.7763 сек
2025-12-13 16:40:50,471 - INFO - ⌛TextToSpeech.synthesize | Время выполнения: 0.8798 сек
2025-12-13 16:40:50,724 - INFO - ⌛wav_to_mp3 | Время выполнения: 0.2533 сек
2025-12-13 16:41:23,460 - INFO - ⌛OCR | Время выполнения: 32.7355 сек
2025-12-13 16:41:35,512 - INFO - ⌛ Translator.batch_translate выполнен за 12.0278 сек
2025-12-13 16:41:35,513 - INFO - ⌛Translate | Время выполнения: 12.0522 сек
2025-12-13 16:41:43,366 - INFO - ⌛Re translate | Время выполнения: 7.8538 сек
2025-12-13 16:41:43,367 - INFO - ⌛Обработка | Время выполнения: 58.2845 сек
2025-12-13 16:41:44,829 - INFO - ⌛Постобработка | Время выполнения: 1.4619 сек
2025-12-13 16:41:44,829 - INFO - ✅Обработка файла 'var/data_ocr/test.vi.deo.mp4' завершена. Общее время 60.4119
2025-12-13 16:41:44,863 - INFO - ✅Директория 'var/tmp/test.vi.deo' успешно удалена.
